{"C:\\Users\\Meibo\\Documents\\Porjetos\\controle-financeiro\\src\\components\\AcoesRapidas.tsx": {"path":"C:\\Users\\Meibo\\Documents\\Porjetos\\controle-financeiro\\src\\components\\AcoesRapidas.tsx","statementMap":{"0":{"start":{"line":7,"column":13},"end":{"line":41,"column":null}},"1":{"start":{"line":10,"column":2},"end":{"line":39,"column":null}}},"fnMap":{"0":{"name":"(anonymous_0)","decl":{"start":{"line":7,"column":13},"end":{"line":7,"column":58}},"loc":{"start":{"line":9,"column":6},"end":{"line":41,"column":null}},"line":9}},"branchMap":{},"s":{"0":1,"1":1},"f":{"0":1},"b":{},"meta":{"lastBranch":0,"lastFunction":1,"lastStatement":2,"seen":{"s:7:13:41:Infinity":0,"f:7:13:7:58":0,"s:10:2:39:Infinity":1},"fnNames":{}}}
,"C:\\Users\\Meibo\\Documents\\Porjetos\\controle-financeiro\\src\\components\\CardResumo.tsx": {"path":"C:\\Users\\Meibo\\Documents\\Porjetos\\controle-financeiro\\src\\components\\CardResumo.tsx","statementMap":{"0":{"start":{"line":14,"column":13},"end":{"line":45,"column":null}},"1":{"start":{"line":22,"column":2},"end":{"line":43,"column":null}}},"fnMap":{"0":{"name":"(anonymous_0)","decl":{"start":{"line":14,"column":13},"end":{"line":14,"column":54}},"loc":{"start":{"line":21,"column":6},"end":{"line":45,"column":null}},"line":21}},"branchMap":{"0":{"loc":{"start":{"line":18,"column":2},"end":{"line":18,"column":null}},"type":"default-arg","locations":[{"start":{"line":18,"column":13},"end":{"line":18,"column":null}}],"line":18},"1":{"loc":{"start":{"line":19,"column":2},"end":{"line":19,"column":null}},"type":"default-arg","locations":[{"start":{"line":19,"column":15},"end":{"line":19,"column":null}}],"line":19},"2":{"loc":{"start":{"line":20,"column":2},"end":{"line":20,"column":null}},"type":"default-arg","locations":[{"start":{"line":20,"column":13},"end":{"line":20,"column":null}}],"line":20},"3":{"loc":{"start":{"line":25,"column":8},"end":{"line":27,"column":null}},"type":"cond-expr","locations":[{"start":{"line":26,"column":12},"end":{"line":26,"column":null}},{"start":{"line":27,"column":12},"end":{"line":27,"column":null}}],"line":25}},"s":{"0":2,"1":10},"f":{"0":10},"b":{"0":[10],"1":[10],"2":[10],"3":[3,7]},"meta":{"lastBranch":4,"lastFunction":1,"lastStatement":2,"seen":{"s:14:13:45:Infinity":0,"f:14:13:14:54":0,"b:18:13:18:Infinity":0,"b:19:15:19:Infinity":1,"b:20:13:20:Infinity":2,"s:22:2:43:Infinity":1,"b:26:12:26:Infinity:27:12:27:Infinity":3},"fnNames":{}}}
,"C:\\Users\\Meibo\\Documents\\Porjetos\\controle-financeiro\\src\\components\\DashboardResumo.tsx": {"path":"C:\\Users\\Meibo\\Documents\\Porjetos\\controle-financeiro\\src\\components\\DashboardResumo.tsx","statementMap":{"0":{"start":{"line":10,"column":13},"end":{"line":96,"column":null}},"1":{"start":{"line":12,"column":31},"end":{"line":12,"column":null}},"2":{"start":{"line":12,"column":56},"end":{"line":12,"column":62}},"3":{"start":{"line":15,"column":24},"end":{"line":17,"column":null}},"4":{"start":{"line":16,"column":19},"end":{"line":16,"column":39}},"5":{"start":{"line":17,"column":24},"end":{"line":17,"column":47}},"6":{"start":{"line":19,"column":24},"end":{"line":21,"column":null}},"7":{"start":{"line":20,"column":19},"end":{"line":20,"column":74}},"8":{"start":{"line":21,"column":24},"end":{"line":21,"column":47}},"9":{"start":{"line":23,"column":29},"end":{"line":25,"column":null}},"10":{"start":{"line":24,"column":19},"end":{"line":24,"column":74}},"11":{"start":{"line":25,"column":24},"end":{"line":25,"column":47}},"12":{"start":{"line":28,"column":21},"end":{"line":28,"column":null}},"13":{"start":{"line":31,"column":26},"end":{"line":33,"column":null}},"14":{"start":{"line":32,"column":19},"end":{"line":32,"column":50}},"15":{"start":{"line":33,"column":24},"end":{"line":33,"column":47}},"16":{"start":{"line":35,"column":28},"end":{"line":37,"column":null}},"17":{"start":{"line":36,"column":19},"end":{"line":36,"column":50}},"18":{"start":{"line":37,"column":24},"end":{"line":37,"column":47}},"19":{"start":{"line":39,"column":2},"end":{"line":94,"column":null}}},"fnMap":{"0":{"name":"(anonymous_0)","decl":{"start":{"line":10,"column":13},"end":{"line":10,"column":64}},"loc":{"start":{"line":10,"column":83},"end":{"line":96,"column":null}},"line":10},"1":{"name":"(anonymous_1)","decl":{"start":{"line":12,"column":42},"end":{"line":12,"column":50}},"loc":{"start":{"line":12,"column":56},"end":{"line":12,"column":62}},"line":12},"2":{"name":"(anonymous_2)","decl":{"start":{"line":16,"column":5},"end":{"line":16,"column":13}},"loc":{"start":{"line":16,"column":19},"end":{"line":16,"column":39}},"line":16},"3":{"name":"(anonymous_3)","decl":{"start":{"line":17,"column":5},"end":{"line":17,"column":13}},"loc":{"start":{"line":17,"column":24},"end":{"line":17,"column":47}},"line":17},"4":{"name":"(anonymous_4)","decl":{"start":{"line":20,"column":5},"end":{"line":20,"column":13}},"loc":{"start":{"line":20,"column":19},"end":{"line":20,"column":74}},"line":20},"5":{"name":"(anonymous_5)","decl":{"start":{"line":21,"column":5},"end":{"line":21,"column":13}},"loc":{"start":{"line":21,"column":24},"end":{"line":21,"column":47}},"line":21},"6":{"name":"(anonymous_6)","decl":{"start":{"line":24,"column":5},"end":{"line":24,"column":13}},"loc":{"start":{"line":24,"column":19},"end":{"line":24,"column":74}},"line":24},"7":{"name":"(anonymous_7)","decl":{"start":{"line":25,"column":5},"end":{"line":25,"column":13}},"loc":{"start":{"line":25,"column":24},"end":{"line":25,"column":47}},"line":25},"8":{"name":"(anonymous_8)","decl":{"start":{"line":32,"column":5},"end":{"line":32,"column":13}},"loc":{"start":{"line":32,"column":19},"end":{"line":32,"column":50}},"line":32},"9":{"name":"(anonymous_9)","decl":{"start":{"line":33,"column":5},"end":{"line":33,"column":13}},"loc":{"start":{"line":33,"column":24},"end":{"line":33,"column":47}},"line":33},"10":{"name":"(anonymous_10)","decl":{"start":{"line":36,"column":5},"end":{"line":36,"column":13}},"loc":{"start":{"line":36,"column":19},"end":{"line":36,"column":50}},"line":36},"11":{"name":"(anonymous_11)","decl":{"start":{"line":37,"column":5},"end":{"line":37,"column":13}},"loc":{"start":{"line":37,"column":24},"end":{"line":37,"column":47}},"line":37}},"branchMap":{"0":{"loc":{"start":{"line":20,"column":19},"end":{"line":20,"column":74}},"type":"binary-expr","locations":[{"start":{"line":20,"column":19},"end":{"line":20,"column":43}},{"start":{"line":20,"column":43},"end":{"line":20,"column":74}}],"line":20},"1":{"loc":{"start":{"line":24,"column":19},"end":{"line":24,"column":74}},"type":"binary-expr","locations":[{"start":{"line":24,"column":19},"end":{"line":24,"column":43}},{"start":{"line":24,"column":43},"end":{"line":24,"column":74}}],"line":24},"2":{"loc":{"start":{"line":32,"column":19},"end":{"line":32,"column":50}},"type":"binary-expr","locations":[{"start":{"line":32,"column":19},"end":{"line":32,"column":30}},{"start":{"line":32,"column":30},"end":{"line":32,"column":50}}],"line":32},"3":{"loc":{"start":{"line":36,"column":19},"end":{"line":36,"column":50}},"type":"binary-expr","locations":[{"start":{"line":36,"column":19},"end":{"line":36,"column":30}},{"start":{"line":36,"column":30},"end":{"line":36,"column":50}}],"line":36},"4":{"loc":{"start":{"line":70,"column":20},"end":{"line":70,"column":null}},"type":"cond-expr","locations":[{"start":{"line":70,"column":38},"end":{"line":70,"column":59}},{"start":{"line":70,"column":59},"end":{"line":70,"column":null}}],"line":70},"5":{"loc":{"start":{"line":72,"column":12},"end":{"line":74,"column":null}},"type":"cond-expr","locations":[{"start":{"line":73,"column":16},"end":{"line":73,"column":null}},{"start":{"line":74,"column":16},"end":{"line":74,"column":null}}],"line":72},"6":{"loc":{"start":{"line":82,"column":9},"end":{"line":88,"column":27}},"type":"binary-expr","locations":[{"start":{"line":82,"column":9},"end":{"line":82,"column":null}},{"start":{"line":83,"column":10},"end":{"line":88,"column":27}}],"line":82},"7":{"loc":{"start":{"line":88,"column":9},"end":{"line":93,"column":null}},"type":"binary-expr","locations":[{"start":{"line":88,"column":9},"end":{"line":88,"column":null}},{"start":{"line":89,"column":10},"end":{"line":93,"column":null}}],"line":88}},"s":{"0":1,"1":2,"2":8,"3":2,"4":6,"5":2,"6":2,"7":6,"8":2,"9":2,"10":6,"11":2,"12":2,"13":2,"14":8,"15":0,"16":2,"17":8,"18":2,"19":2},"f":{"0":2,"1":8,"2":6,"3":2,"4":6,"5":2,"6":6,"7":2,"8":8,"9":0,"10":8,"11":2},"b":{"0":[6,4],"1":[6,4],"2":[8,2],"3":[8,2],"4":[2,0],"5":[2,0],"6":[2,2],"7":[2,0]},"meta":{"lastBranch":8,"lastFunction":12,"lastStatement":20,"seen":{"s:10:13:96:Infinity":0,"f:10:13:10:64":0,"s:12:31:12:Infinity":1,"f:12:42:12:50":1,"s:12:56:12:62":2,"s:15:24:17:Infinity":3,"f:16:5:16:13":2,"s:16:19:16:39":4,"f:17:5:17:13":3,"s:17:24:17:47":5,"s:19:24:21:Infinity":6,"f:20:5:20:13":4,"s:20:19:20:74":7,"b:20:19:20:43:20:43:20:74":0,"f:21:5:21:13":5,"s:21:24:21:47":8,"s:23:29:25:Infinity":9,"f:24:5:24:13":6,"s:24:19:24:74":10,"b:24:19:24:43:24:43:24:74":1,"f:25:5:25:13":7,"s:25:24:25:47":11,"s:28:21:28:Infinity":12,"s:31:26:33:Infinity":13,"f:32:5:32:13":8,"s:32:19:32:50":14,"b:32:19:32:30:32:30:32:50":2,"f:33:5:33:13":9,"s:33:24:33:47":15,"s:35:28:37:Infinity":16,"f:36:5:36:13":10,"s:36:19:36:50":17,"b:36:19:36:30:36:30:36:50":3,"f:37:5:37:13":11,"s:37:24:37:47":18,"s:39:2:94:Infinity":19,"b:70:38:70:59:70:59:70:Infinity":4,"b:73:16:73:Infinity:74:16:74:Infinity":5,"b:82:9:82:Infinity:83:10:88:27":6,"b:88:9:88:Infinity:89:10:93:Infinity":7},"fnNames":{}}}
,"C:\\Users\\Meibo\\Documents\\Porjetos\\controle-financeiro\\src\\components\\FaturaCartaoModal.tsx": {"path":"C:\\Users\\Meibo\\Documents\\Porjetos\\controle-financeiro\\src\\components\\FaturaCartaoModal.tsx","statementMap":{"0":{"start":{"line":10,"column":13},"end":{"line":66,"column":null}},"1":{"start":{"line":16,"column":22},"end":{"line":20,"column":null}},"2":{"start":{"line":18,"column":6},"end":{"line":19,"column":null}},"3":{"start":{"line":22,"column":22},"end":{"line":22,"column":null}},"4":{"start":{"line":22,"column":53},"end":{"line":22,"column":76}},"5":{"start":{"line":23,"column":19},"end":{"line":23,"column":null}},"6":{"start":{"line":23,"column":70},"end":{"line":23,"column":76}},"7":{"start":{"line":25,"column":8},"end":{"line":30,"column":null}},"8":{"start":{"line":26,"column":25},"end":{"line":26,"column":null}},"9":{"start":{"line":26,"column":51},"end":{"line":26,"column":58}},"10":{"start":{"line":26,"column":71},"end":{"line":26,"column":75}},"11":{"start":{"line":27,"column":4},"end":{"line":29,"column":null}},"12":{"start":{"line":28,"column":6},"end":{"line":28,"column":null}},"13":{"start":{"line":32,"column":2},"end":{"line":64,"column":null}},"14":{"start":{"line":47,"column":10},"end":{"line":52,"column":null}}},"fnMap":{"0":{"name":"(anonymous_0)","decl":{"start":{"line":10,"column":13},"end":{"line":10,"column":68}},"loc":{"start":{"line":14,"column":6},"end":{"line":66,"column":null}},"line":14},"1":{"name":"(anonymous_1)","decl":{"start":{"line":16,"column":33},"end":{"line":16,"column":null}},"loc":{"start":{"line":18,"column":6},"end":{"line":19,"column":null}},"line":18},"2":{"name":"(anonymous_2)","decl":{"start":{"line":22,"column":34},"end":{"line":22,"column":42}},"loc":{"start":{"line":22,"column":53},"end":{"line":22,"column":76}},"line":22},"3":{"name":"(anonymous_3)","decl":{"start":{"line":23,"column":57},"end":{"line":23,"column":64}},"loc":{"start":{"line":23,"column":70},"end":{"line":23,"column":76}},"line":23},"4":{"name":"(anonymous_4)","decl":{"start":{"line":25,"column":8},"end":{"line":25,"column":35}},"loc":{"start":{"line":25,"column":35},"end":{"line":30,"column":null}},"line":25},"5":{"name":"(anonymous_5)","decl":{"start":{"line":26,"column":37},"end":{"line":26,"column":45}},"loc":{"start":{"line":26,"column":51},"end":{"line":26,"column":58}},"line":26},"6":{"name":"(anonymous_6)","decl":{"start":{"line":26,"column":60},"end":{"line":26,"column":65}},"loc":{"start":{"line":26,"column":71},"end":{"line":26,"column":75}},"line":26},"7":{"name":"(anonymous_7)","decl":{"start":{"line":46,"column":21},"end":{"line":46,"column":26}},"loc":{"start":{"line":47,"column":10},"end":{"line":52,"column":null}},"line":47}},"branchMap":{"0":{"loc":{"start":{"line":18,"column":6},"end":{"line":19,"column":null}},"type":"binary-expr","locations":[{"start":{"line":18,"column":6},"end":{"line":18,"column":null}},{"start":{"line":19,"column":6},"end":{"line":19,"column":null}}],"line":18},"1":{"loc":{"start":{"line":23,"column":19},"end":{"line":23,"column":null}},"type":"binary-expr","locations":[{"start":{"line":23,"column":19},"end":{"line":23,"column":45}},{"start":{"line":23,"column":45},"end":{"line":23,"column":null}}],"line":23},"2":{"loc":{"start":{"line":27,"column":4},"end":{"line":29,"column":null}},"type":"if","locations":[{"start":{"line":27,"column":4},"end":{"line":29,"column":null}},{"start":{},"end":{}}],"line":27},"3":{"loc":{"start":{"line":49,"column":29},"end":{"line":49,"column":80}},"type":"cond-expr","locations":[{"start":{"line":49,"column":41},"end":{"line":49,"column":62}},{"start":{"line":49,"column":62},"end":{"line":49,"column":80}}],"line":49},"4":{"loc":{"start":{"line":50,"column":51},"end":{"line":50,"column":83}},"type":"cond-expr","locations":[{"start":{"line":50,"column":63},"end":{"line":50,"column":72}},{"start":{"line":50,"column":72},"end":{"line":50,"column":83}}],"line":50},"5":{"loc":{"start":{"line":56,"column":7},"end":{"line":62,"column":null}},"type":"binary-expr","locations":[{"start":{"line":56,"column":7},"end":{"line":56,"column":20}},{"start":{"line":56,"column":20},"end":{"line":56,"column":null}},{"start":{"line":57,"column":8},"end":{"line":62,"column":null}}],"line":56}},"s":{"0":1,"1":3,"2":7,"3":3,"4":5,"5":3,"6":3,"7":3,"8":1,"9":2,"10":1,"11":1,"12":1,"13":3,"14":5},"f":{"0":3,"1":7,"2":5,"3":3,"4":1,"5":2,"6":1,"7":5},"b":{"0":[7,7],"1":[3,3],"2":[1,0],"3":[3,2],"4":[3,2],"5":[3,2,2]},"meta":{"lastBranch":6,"lastFunction":8,"lastStatement":15,"seen":{"s:10:13:66:Infinity":0,"f:10:13:10:68":0,"s:16:22:20:Infinity":1,"f:16:33:16:Infinity":1,"s:18:6:19:Infinity":2,"b:18:6:18:Infinity:19:6:19:Infinity":0,"s:22:22:22:Infinity":3,"f:22:34:22:42":2,"s:22:53:22:76":4,"s:23:19:23:Infinity":5,"b:23:19:23:45:23:45:23:Infinity":1,"f:23:57:23:64":3,"s:23:70:23:76":6,"s:25:8:30:Infinity":7,"f:25:8:25:35":4,"s:26:25:26:Infinity":8,"f:26:37:26:45":5,"s:26:51:26:58":9,"f:26:60:26:65":6,"s:26:71:26:75":10,"b:27:4:29:Infinity:undefined:undefined:undefined:undefined":2,"s:27:4:29:Infinity":11,"s:28:6:28:Infinity":12,"s:32:2:64:Infinity":13,"f:46:21:46:26":7,"s:47:10:52:Infinity":14,"b:49:41:49:62:49:62:49:80":3,"b:50:63:50:72:50:72:50:83":4,"b:56:7:56:20:56:20:56:Infinity:57:8:62:Infinity":5},"fnNames":{}}}
,"C:\\Users\\Meibo\\Documents\\Porjetos\\controle-financeiro\\src\\components\\FiltrosTransacao.tsx": {"path":"C:\\Users\\Meibo\\Documents\\Porjetos\\controle-financeiro\\src\\components\\FiltrosTransacao.tsx","statementMap":{"0":{"start":{"line":22,"column":13},"end":{"line":259,"column":null}},"1":{"start":{"line":29,"column":34},"end":{"line":29,"column":null}},"2":{"start":{"line":32,"column":4},"end":{"line":39,"column":null}},"3":{"start":{"line":41,"column":2},"end":{"line":257,"column":null}},"4":{"start":{"line":44,"column":23},"end":{"line":44,"column":null}},"5":{"start":{"line":66,"column":16},"end":{"line":66,"column":null}},"6":{"start":{"line":67,"column":16},"end":{"line":67,"column":null}},"7":{"start":{"line":107,"column":18},"end":{"line":107,"column":null}},"8":{"start":{"line":107,"column":40},"end":{"line":107,"column":79}},"9":{"start":{"line":121,"column":18},"end":{"line":124,"column":null}},"10":{"start":{"line":121,"column":40},"end":{"line":124,"column":20}},"11":{"start":{"line":143,"column":18},"end":{"line":146,"column":null}},"12":{"start":{"line":143,"column":40},"end":{"line":146,"column":20}},"13":{"start":{"line":164,"column":18},"end":{"line":167,"column":null}},"14":{"start":{"line":164,"column":40},"end":{"line":167,"column":20}},"15":{"start":{"line":185,"column":18},"end":{"line":185,"column":null}},"16":{"start":{"line":185,"column":40},"end":{"line":185,"column":75}},"17":{"start":{"line":191,"column":18},"end":{"line":193,"column":null}},"18":{"start":{"line":206,"column":18},"end":{"line":206,"column":null}},"19":{"start":{"line":206,"column":40},"end":{"line":206,"column":79}},"20":{"start":{"line":212,"column":18},"end":{"line":214,"column":null}},"21":{"start":{"line":228,"column":18},"end":{"line":231,"column":null}},"22":{"start":{"line":228,"column":40},"end":{"line":231,"column":20}},"23":{"start":{"line":246,"column":18},"end":{"line":249,"column":null}},"24":{"start":{"line":246,"column":40},"end":{"line":249,"column":20}}},"fnMap":{"0":{"name":"(anonymous_0)","decl":{"start":{"line":22,"column":13},"end":{"line":22,"column":57}},"loc":{"start":{"line":28,"column":6},"end":{"line":259,"column":null}},"line":28},"1":{"name":"(anonymous_1)","decl":{"start":{"line":44,"column":8},"end":{"line":44,"column":23}},"loc":{"start":{"line":44,"column":23},"end":{"line":44,"column":null}},"line":44},"2":{"name":"(anonymous_2)","decl":{"start":{"line":65,"column":14},"end":{"line":65,"column":24}},"loc":{"start":{"line":65,"column":30},"end":{"line":68,"column":null}},"line":65},"3":{"name":"(anonymous_3)","decl":{"start":{"line":106,"column":16},"end":{"line":106,"column":27}},"loc":{"start":{"line":107,"column":18},"end":{"line":107,"column":null}},"line":107},"4":{"name":"(anonymous_4)","decl":{"start":{"line":107,"column":18},"end":{"line":107,"column":30}},"loc":{"start":{"line":107,"column":40},"end":{"line":107,"column":79}},"line":107},"5":{"name":"(anonymous_5)","decl":{"start":{"line":120,"column":16},"end":{"line":120,"column":27}},"loc":{"start":{"line":121,"column":18},"end":{"line":124,"column":null}},"line":121},"6":{"name":"(anonymous_6)","decl":{"start":{"line":121,"column":18},"end":{"line":121,"column":30}},"loc":{"start":{"line":121,"column":40},"end":{"line":124,"column":20}},"line":121},"7":{"name":"(anonymous_7)","decl":{"start":{"line":142,"column":16},"end":{"line":142,"column":27}},"loc":{"start":{"line":143,"column":18},"end":{"line":146,"column":null}},"line":143},"8":{"name":"(anonymous_8)","decl":{"start":{"line":143,"column":18},"end":{"line":143,"column":30}},"loc":{"start":{"line":143,"column":40},"end":{"line":146,"column":20}},"line":143},"9":{"name":"(anonymous_9)","decl":{"start":{"line":163,"column":16},"end":{"line":163,"column":27}},"loc":{"start":{"line":164,"column":18},"end":{"line":167,"column":null}},"line":164},"10":{"name":"(anonymous_10)","decl":{"start":{"line":164,"column":18},"end":{"line":164,"column":30}},"loc":{"start":{"line":164,"column":40},"end":{"line":167,"column":20}},"line":164},"11":{"name":"(anonymous_11)","decl":{"start":{"line":184,"column":16},"end":{"line":184,"column":27}},"loc":{"start":{"line":185,"column":18},"end":{"line":185,"column":null}},"line":185},"12":{"name":"(anonymous_12)","decl":{"start":{"line":185,"column":18},"end":{"line":185,"column":30}},"loc":{"start":{"line":185,"column":40},"end":{"line":185,"column":75}},"line":185},"13":{"name":"(anonymous_13)","decl":{"start":{"line":190,"column":24},"end":{"line":190,"column":29}},"loc":{"start":{"line":191,"column":18},"end":{"line":193,"column":null}},"line":191},"14":{"name":"(anonymous_14)","decl":{"start":{"line":205,"column":16},"end":{"line":205,"column":27}},"loc":{"start":{"line":206,"column":18},"end":{"line":206,"column":null}},"line":206},"15":{"name":"(anonymous_15)","decl":{"start":{"line":206,"column":18},"end":{"line":206,"column":30}},"loc":{"start":{"line":206,"column":40},"end":{"line":206,"column":79}},"line":206},"16":{"name":"(anonymous_16)","decl":{"start":{"line":211,"column":28},"end":{"line":211,"column":33}},"loc":{"start":{"line":212,"column":18},"end":{"line":214,"column":null}},"line":212},"17":{"name":"(anonymous_17)","decl":{"start":{"line":227,"column":16},"end":{"line":227,"column":27}},"loc":{"start":{"line":228,"column":18},"end":{"line":231,"column":null}},"line":228},"18":{"name":"(anonymous_18)","decl":{"start":{"line":228,"column":18},"end":{"line":228,"column":30}},"loc":{"start":{"line":228,"column":40},"end":{"line":231,"column":20}},"line":228},"19":{"name":"(anonymous_19)","decl":{"start":{"line":245,"column":16},"end":{"line":245,"column":27}},"loc":{"start":{"line":246,"column":18},"end":{"line":249,"column":null}},"line":246},"20":{"name":"(anonymous_20)","decl":{"start":{"line":246,"column":18},"end":{"line":246,"column":30}},"loc":{"start":{"line":246,"column":40},"end":{"line":249,"column":20}},"line":246}},"branchMap":{"0":{"loc":{"start":{"line":32,"column":4},"end":{"line":39,"column":null}},"type":"binary-expr","locations":[{"start":{"line":32,"column":4},"end":{"line":32,"column":null}},{"start":{"line":33,"column":4},"end":{"line":33,"column":null}},{"start":{"line":34,"column":4},"end":{"line":34,"column":null}},{"start":{"line":35,"column":4},"end":{"line":35,"column":null}},{"start":{"line":36,"column":4},"end":{"line":36,"column":null}},{"start":{"line":37,"column":4},"end":{"line":37,"column":null}},{"start":{"line":38,"column":4},"end":{"line":38,"column":null}},{"start":{"line":39,"column":4},"end":{"line":39,"column":null}}],"line":32},"1":{"loc":{"start":{"line":51,"column":11},"end":{"line":55,"column":null}},"type":"binary-expr","locations":[{"start":{"line":51,"column":11},"end":{"line":51,"column":null}},{"start":{"line":52,"column":12},"end":{"line":55,"column":null}}],"line":51},"2":{"loc":{"start":{"line":58,"column":27},"end":{"line":58,"column":null}},"type":"cond-expr","locations":[{"start":{"line":58,"column":38},"end":{"line":58,"column":51}},{"start":{"line":58,"column":51},"end":{"line":58,"column":null}}],"line":58},"3":{"loc":{"start":{"line":63,"column":11},"end":{"line":76,"column":11}},"type":"binary-expr","locations":[{"start":{"line":63,"column":11},"end":{"line":63,"column":null}},{"start":{"line":64,"column":12},"end":{"line":76,"column":11}}],"line":63},"4":{"loc":{"start":{"line":78,"column":14},"end":{"line":78,"column":null}},"type":"cond-expr","locations":[{"start":{"line":78,"column":25},"end":{"line":78,"column":57}},{"start":{"line":78,"column":57},"end":{"line":78,"column":null}}],"line":78},"5":{"loc":{"start":{"line":94,"column":7},"end":{"line":257,"column":null}},"type":"binary-expr","locations":[{"start":{"line":94,"column":7},"end":{"line":94,"column":null}},{"start":{"line":95,"column":8},"end":{"line":257,"column":null}}],"line":94}},"s":{"0":1,"1":3,"2":3,"3":3,"4":1,"5":1,"6":1,"7":12,"8":0,"9":0,"10":0,"11":0,"12":0,"13":0,"14":0,"15":0,"16":0,"17":2,"18":0,"19":0,"20":2,"21":0,"22":0,"23":0,"24":0},"f":{"0":3,"1":1,"2":1,"3":12,"4":0,"5":0,"6":0,"7":0,"8":0,"9":0,"10":0,"11":0,"12":0,"13":2,"14":0,"15":0,"16":2,"17":0,"18":0,"19":0,"20":0},"b":{"0":[3,3,3,3,2,2,2,2],"1":[3,1],"2":[1,2],"3":[3,1],"4":[1,2],"5":[3,1]},"meta":{"lastBranch":6,"lastFunction":21,"lastStatement":25,"seen":{"s:22:13:259:Infinity":0,"f:22:13:22:57":0,"s:29:34:29:Infinity":1,"s:32:4:39:Infinity":2,"b:32:4:32:Infinity:33:4:33:Infinity:34:4:34:Infinity:35:4:35:Infinity:36:4:36:Infinity:37:4:37:Infinity:38:4:38:Infinity:39:4:39:Infinity":0,"s:41:2:257:Infinity":3,"f:44:8:44:23":1,"s:44:23:44:Infinity":4,"b:51:11:51:Infinity:52:12:55:Infinity":1,"b:58:38:58:51:58:51:58:Infinity":2,"b:63:11:63:Infinity:64:12:76:11":3,"f:65:14:65:24":2,"s:66:16:66:Infinity":5,"s:67:16:67:Infinity":6,"b:78:25:78:57:78:57:78:Infinity":4,"b:94:7:94:Infinity:95:8:257:Infinity":5,"f:106:16:106:27":3,"s:107:18:107:Infinity":7,"f:107:18:107:30":4,"s:107:40:107:79":8,"f:120:16:120:27":5,"s:121:18:124:Infinity":9,"f:121:18:121:30":6,"s:121:40:124:20":10,"f:142:16:142:27":7,"s:143:18:146:Infinity":11,"f:143:18:143:30":8,"s:143:40:146:20":12,"f:163:16:163:27":9,"s:164:18:167:Infinity":13,"f:164:18:164:30":10,"s:164:40:167:20":14,"f:184:16:184:27":11,"s:185:18:185:Infinity":15,"f:185:18:185:30":12,"s:185:40:185:75":16,"f:190:24:190:29":13,"s:191:18:193:Infinity":17,"f:205:16:205:27":14,"s:206:18:206:Infinity":18,"f:206:18:206:30":15,"s:206:40:206:79":19,"f:211:28:211:33":16,"s:212:18:214:Infinity":20,"f:227:16:227:27":17,"s:228:18:231:Infinity":21,"f:228:18:228:30":18,"s:228:40:231:20":22,"f:245:16:245:27":19,"s:246:18:249:Infinity":23,"f:246:18:246:30":20,"s:246:40:249:20":24},"fnNames":{}}}
,"C:\\Users\\Meibo\\Documents\\Porjetos\\controle-financeiro\\src\\components\\FormularioCartao.tsx": {"path":"C:\\Users\\Meibo\\Documents\\Porjetos\\controle-financeiro\\src\\components\\FormularioCartao.tsx","statementMap":{"0":{"start":{"line":11,"column":13},"end":{"line":199,"column":null}},"1":{"start":{"line":16,"column":34},"end":{"line":16,"column":null}},"2":{"start":{"line":17,"column":26},"end":{"line":17,"column":null}},"3":{"start":{"line":18,"column":28},"end":{"line":18,"column":null}},"4":{"start":{"line":19,"column":30},"end":{"line":19,"column":null}},"5":{"start":{"line":20,"column":44},"end":{"line":20,"column":null}},"6":{"start":{"line":21,"column":44},"end":{"line":21,"column":null}},"7":{"start":{"line":23,"column":8},"end":{"line":39,"column":null}},"8":{"start":{"line":24,"column":19},"end":{"line":24,"column":null}},"9":{"start":{"line":25,"column":4},"end":{"line":28,"column":null}},"10":{"start":{"line":26,"column":6},"end":{"line":26,"column":null}},"11":{"start":{"line":27,"column":6},"end":{"line":27,"column":null}},"12":{"start":{"line":30,"column":25},"end":{"line":30,"column":null}},"13":{"start":{"line":31,"column":4},"end":{"line":38,"column":null}},"14":{"start":{"line":41,"column":23},"end":{"line":64,"column":null}},"15":{"start":{"line":42,"column":4},"end":{"line":42,"column":null}},"16":{"start":{"line":44,"column":4},"end":{"line":47,"column":null}},"17":{"start":{"line":45,"column":6},"end":{"line":45,"column":null}},"18":{"start":{"line":46,"column":6},"end":{"line":46,"column":null}},"19":{"start":{"line":49,"column":4},"end":{"line":60,"column":null}},"20":{"start":{"line":62,"column":4},"end":{"line":62,"column":null}},"21":{"start":{"line":63,"column":4},"end":{"line":63,"column":null}},"22":{"start":{"line":66,"column":2},"end":{"line":197,"column":null}},"23":{"start":{"line":69,"column":23},"end":{"line":69,"column":null}},"24":{"start":{"line":105,"column":31},"end":{"line":105,"column":null}},"25":{"start":{"line":113,"column":33},"end":{"line":113,"column":null}},"26":{"start":{"line":117,"column":18},"end":{"line":119,"column":null}},"27":{"start":{"line":127,"column":33},"end":{"line":127,"column":null}},"28":{"start":{"line":141,"column":35},"end":{"line":141,"column":null}},"29":{"start":{"line":152,"column":35},"end":{"line":152,"column":null}},"30":{"start":{"line":173,"column":18},"end":{"line":190,"column":null}},"31":{"start":{"line":185,"column":37},"end":{"line":185,"column":null}}},"fnMap":{"0":{"name":"(anonymous_0)","decl":{"start":{"line":11,"column":13},"end":{"line":11,"column":66}},"loc":{"start":{"line":15,"column":6},"end":{"line":199,"column":null}},"line":15},"1":{"name":"(anonymous_1)","decl":{"start":{"line":23,"column":8},"end":{"line":23,"column":30}},"loc":{"start":{"line":23,"column":48},"end":{"line":39,"column":null}},"line":23},"2":{"name":"(anonymous_2)","decl":{"start":{"line":41,"column":23},"end":{"line":41,"column":30}},"loc":{"start":{"line":41,"column":53},"end":{"line":64,"column":null}},"line":41},"3":{"name":"(anonymous_3)","decl":{"start":{"line":69,"column":8},"end":{"line":69,"column":23}},"loc":{"start":{"line":69,"column":23},"end":{"line":69,"column":null}},"line":69},"4":{"name":"(anonymous_4)","decl":{"start":{"line":105,"column":14},"end":{"line":105,"column":25}},"loc":{"start":{"line":105,"column":31},"end":{"line":105,"column":null}},"line":105},"5":{"name":"(anonymous_5)","decl":{"start":{"line":113,"column":16},"end":{"line":113,"column":27}},"loc":{"start":{"line":113,"column":33},"end":{"line":113,"column":null}},"line":113},"6":{"name":"(anonymous_6)","decl":{"start":{"line":116,"column":29},"end":{"line":116,"column":34}},"loc":{"start":{"line":117,"column":18},"end":{"line":119,"column":null}},"line":117},"7":{"name":"(anonymous_7)","decl":{"start":{"line":127,"column":16},"end":{"line":127,"column":27}},"loc":{"start":{"line":127,"column":33},"end":{"line":127,"column":null}},"line":127},"8":{"name":"(anonymous_8)","decl":{"start":{"line":141,"column":18},"end":{"line":141,"column":29}},"loc":{"start":{"line":141,"column":35},"end":{"line":141,"column":null}},"line":141},"9":{"name":"(anonymous_9)","decl":{"start":{"line":152,"column":18},"end":{"line":152,"column":29}},"loc":{"start":{"line":152,"column":35},"end":{"line":152,"column":null}},"line":152},"10":{"name":"(anonymous_10)","decl":{"start":{"line":172,"column":25},"end":{"line":172,"column":30}},"loc":{"start":{"line":173,"column":18},"end":{"line":190,"column":null}},"line":173},"11":{"name":"(anonymous_11)","decl":{"start":{"line":185,"column":22},"end":{"line":185,"column":37}},"loc":{"start":{"line":185,"column":37},"end":{"line":185,"column":null}},"line":185}},"branchMap":{"0":{"loc":{"start":{"line":25,"column":4},"end":{"line":28,"column":null}},"type":"if","locations":[{"start":{"line":25,"column":4},"end":{"line":28,"column":null}},{"start":{},"end":{}}],"line":25},"1":{"loc":{"start":{"line":44,"column":4},"end":{"line":47,"column":null}},"type":"if","locations":[{"start":{"line":44,"column":4},"end":{"line":47,"column":null}},{"start":{},"end":{}}],"line":44},"2":{"loc":{"start":{"line":44,"column":8},"end":{"line":44,"column":26}},"type":"binary-expr","locations":[{"start":{"line":44,"column":8},"end":{"line":44,"column":17}},{"start":{"line":44,"column":17},"end":{"line":44,"column":26}}],"line":44},"3":{"loc":{"start":{"line":77,"column":27},"end":{"line":77,"column":null}},"type":"cond-expr","locations":[{"start":{"line":77,"column":38},"end":{"line":77,"column":51}},{"start":{"line":77,"column":51},"end":{"line":77,"column":null}}],"line":77},"4":{"loc":{"start":{"line":83,"column":12},"end":{"line":83,"column":null}},"type":"cond-expr","locations":[{"start":{"line":83,"column":23},"end":{"line":83,"column":55}},{"start":{"line":83,"column":55},"end":{"line":83,"column":null}}],"line":83},"5":{"loc":{"start":{"line":98,"column":7},"end":{"line":197,"column":null}},"type":"binary-expr","locations":[{"start":{"line":98,"column":7},"end":{"line":98,"column":null}},{"start":{"line":99,"column":8},"end":{"line":197,"column":null}}],"line":98},"6":{"loc":{"start":{"line":166,"column":11},"end":{"line":195,"column":null}},"type":"binary-expr","locations":[{"start":{"line":166,"column":11},"end":{"line":166,"column":null}},{"start":{"line":167,"column":12},"end":{"line":195,"column":null}}],"line":166}},"s":{"0":1,"1":24,"2":24,"3":24,"4":24,"5":24,"6":24,"7":24,"8":6,"9":6,"10":0,"11":0,"12":6,"13":6,"14":24,"15":1,"16":1,"17":0,"18":0,"19":1,"20":1,"21":1,"22":24,"23":2,"24":13,"25":0,"26":242,"27":6,"28":0,"29":0,"30":1,"31":1},"f":{"0":24,"1":6,"2":1,"3":2,"4":13,"5":0,"6":242,"7":6,"8":0,"9":0,"10":1,"11":1},"b":{"0":[0,6],"1":[0,1],"2":[1,1],"3":[22,2],"4":[22,2],"5":[24,22],"6":[22,1]},"meta":{"lastBranch":7,"lastFunction":12,"lastStatement":32,"seen":{"s:11:13:199:Infinity":0,"f:11:13:11:66":0,"s:16:34:16:Infinity":1,"s:17:26:17:Infinity":2,"s:18:28:18:Infinity":3,"s:19:30:19:Infinity":4,"s:20:44:20:Infinity":5,"s:21:44:21:Infinity":6,"s:23:8:39:Infinity":7,"f:23:8:23:30":1,"s:24:19:24:Infinity":8,"b:25:4:28:Infinity:undefined:undefined:undefined:undefined":0,"s:25:4:28:Infinity":9,"s:26:6:26:Infinity":10,"s:27:6:27:Infinity":11,"s:30:25:30:Infinity":12,"s:31:4:38:Infinity":13,"s:41:23:64:Infinity":14,"f:41:23:41:30":2,"s:42:4:42:Infinity":15,"b:44:4:47:Infinity:undefined:undefined:undefined:undefined":1,"s:44:4:47:Infinity":16,"b:44:8:44:17:44:17:44:26":2,"s:45:6:45:Infinity":17,"s:46:6:46:Infinity":18,"s:49:4:60:Infinity":19,"s:62:4:62:Infinity":20,"s:63:4:63:Infinity":21,"s:66:2:197:Infinity":22,"f:69:8:69:23":3,"s:69:23:69:Infinity":23,"b:77:38:77:51:77:51:77:Infinity":3,"b:83:23:83:55:83:55:83:Infinity":4,"b:98:7:98:Infinity:99:8:197:Infinity":5,"f:105:14:105:25":4,"s:105:31:105:Infinity":24,"f:113:16:113:27":5,"s:113:33:113:Infinity":25,"f:116:29:116:34":6,"s:117:18:119:Infinity":26,"f:127:16:127:27":7,"s:127:33:127:Infinity":27,"f:141:18:141:29":8,"s:141:35:141:Infinity":28,"f:152:18:152:29":9,"s:152:35:152:Infinity":29,"b:166:11:166:Infinity:167:12:195:Infinity":6,"f:172:25:172:30":10,"s:173:18:190:Infinity":30,"f:185:22:185:37":11,"s:185:37:185:Infinity":31},"fnNames":{}}}
,"C:\\Users\\Meibo\\Documents\\Porjetos\\controle-financeiro\\src\\components\\FormularioTransacao.tsx": {"path":"C:\\Users\\Meibo\\Documents\\Porjetos\\controle-financeiro\\src\\components\\FormularioTransacao.tsx","statementMap":{"0":{"start":{"line":31,"column":13},"end":{"line":514,"column":null}},"1":{"start":{"line":38,"column":36},"end":{"line":38,"column":null}},"2":{"start":{"line":39,"column":28},"end":{"line":39,"column":null}},"3":{"start":{"line":40,"column":26},"end":{"line":40,"column":null}},"4":{"start":{"line":41,"column":36},"end":{"line":41,"column":null}},"5":{"start":{"line":42,"column":48},"end":{"line":42,"column":null}},"6":{"start":{"line":43,"column":34},"end":{"line":43,"column":null}},"7":{"start":{"line":44,"column":44},"end":{"line":44,"column":null}},"8":{"start":{"line":45,"column":36},"end":{"line":45,"column":null}},"9":{"start":{"line":46,"column":28},"end":{"line":46,"column":null}},"10":{"start":{"line":47,"column":42},"end":{"line":47,"column":null}},"11":{"start":{"line":48,"column":26},"end":{"line":48,"column":null}},"12":{"start":{"line":49,"column":26},"end":{"line":49,"column":null}},"13":{"start":{"line":51,"column":8},"end":{"line":64,"column":null}},"14":{"start":{"line":52,"column":4},"end":{"line":52,"column":null}},"15":{"start":{"line":53,"column":4},"end":{"line":53,"column":null}},"16":{"start":{"line":54,"column":4},"end":{"line":54,"column":null}},"17":{"start":{"line":55,"column":4},"end":{"line":55,"column":null}},"18":{"start":{"line":56,"column":4},"end":{"line":56,"column":null}},"19":{"start":{"line":57,"column":4},"end":{"line":57,"column":null}},"20":{"start":{"line":58,"column":4},"end":{"line":58,"column":null}},"21":{"start":{"line":59,"column":4},"end":{"line":59,"column":null}},"22":{"start":{"line":60,"column":4},"end":{"line":60,"column":null}},"23":{"start":{"line":61,"column":4},"end":{"line":61,"column":null}},"24":{"start":{"line":62,"column":4},"end":{"line":62,"column":null}},"25":{"start":{"line":63,"column":4},"end":{"line":63,"column":null}},"26":{"start":{"line":66,"column":2},"end":{"line":109,"column":null}},"27":{"start":{"line":67,"column":4},"end":{"line":108,"column":null}},"28":{"start":{"line":68,"column":6},"end":{"line":68,"column":null}},"29":{"start":{"line":70,"column":23},"end":{"line":70,"column":null}},"30":{"start":{"line":71,"column":6},"end":{"line":78,"column":null}},"31":{"start":{"line":80,"column":6},"end":{"line":80,"column":null}},"32":{"start":{"line":83,"column":8},"end":{"line":86,"column":null}},"33":{"start":{"line":88,"column":6},"end":{"line":88,"column":null}},"34":{"start":{"line":90,"column":6},"end":{"line":90,"column":null}},"35":{"start":{"line":91,"column":6},"end":{"line":91,"column":null}},"36":{"start":{"line":92,"column":6},"end":{"line":92,"column":null}},"37":{"start":{"line":93,"column":6},"end":{"line":93,"column":null}},"38":{"start":{"line":95,"column":6},"end":{"line":98,"column":null}},"39":{"start":{"line":96,"column":30},"end":{"line":96,"column":null}},"40":{"start":{"line":97,"column":8},"end":{"line":97,"column":null}},"41":{"start":{"line":101,"column":8},"end":{"line":103,"column":null}},"42":{"start":{"line":105,"column":6},"end":{"line":105,"column":null}},"43":{"start":{"line":107,"column":6},"end":{"line":107,"column":null}},"44":{"start":{"line":111,"column":8},"end":{"line":127,"column":null}},"45":{"start":{"line":112,"column":19},"end":{"line":112,"column":null}},"46":{"start":{"line":113,"column":4},"end":{"line":116,"column":null}},"47":{"start":{"line":114,"column":6},"end":{"line":114,"column":null}},"48":{"start":{"line":115,"column":6},"end":{"line":115,"column":null}},"49":{"start":{"line":118,"column":25},"end":{"line":118,"column":null}},"50":{"start":{"line":119,"column":4},"end":{"line":126,"column":null}},"51":{"start":{"line":129,"column":23},"end":{"line":236,"column":null}},"52":{"start":{"line":130,"column":4},"end":{"line":130,"column":null}},"53":{"start":{"line":132,"column":4},"end":{"line":135,"column":null}},"54":{"start":{"line":133,"column":6},"end":{"line":133,"column":null}},"55":{"start":{"line":134,"column":6},"end":{"line":134,"column":null}},"56":{"start":{"line":137,"column":4},"end":{"line":140,"column":null}},"57":{"start":{"line":138,"column":6},"end":{"line":138,"column":null}},"58":{"start":{"line":139,"column":6},"end":{"line":139,"column":null}},"59":{"start":{"line":143,"column":6},"end":{"line":150,"column":null}},"60":{"start":{"line":152,"column":4},"end":{"line":232,"column":null}},"61":{"start":{"line":153,"column":57},"end":{"line":166,"column":null}},"62":{"start":{"line":168,"column":6},"end":{"line":170,"column":null}},"63":{"start":{"line":169,"column":8},"end":{"line":169,"column":null}},"64":{"start":{"line":172,"column":6},"end":{"line":231,"column":null}},"65":{"start":{"line":173,"column":34},"end":{"line":175,"column":null}},"66":{"start":{"line":174,"column":17},"end":{"line":174,"column":null}},"67":{"start":{"line":177,"column":8},"end":{"line":180,"column":null}},"68":{"start":{"line":178,"column":10},"end":{"line":178,"column":null}},"69":{"start":{"line":179,"column":10},"end":{"line":179,"column":null}},"70":{"start":{"line":182,"column":29},"end":{"line":182,"column":null}},"71":{"start":{"line":184,"column":8},"end":{"line":212,"column":null}},"72":{"start":{"line":184,"column":21},"end":{"line":184,"column":24}},"73":{"start":{"line":185,"column":39},"end":{"line":189,"column":null}},"74":{"start":{"line":191,"column":55},"end":{"line":209,"column":null}},"75":{"start":{"line":211,"column":10},"end":{"line":211,"column":null}},"76":{"start":{"line":214,"column":53},"end":{"line":228,"column":null}},"77":{"start":{"line":230,"column":8},"end":{"line":230,"column":null}},"78":{"start":{"line":234,"column":4},"end":{"line":234,"column":null}},"79":{"start":{"line":235,"column":4},"end":{"line":235,"column":null}},"80":{"start":{"line":235,"column":26},"end":{"line":235,"column":null}},"81":{"start":{"line":238,"column":2},"end":{"line":512,"column":null}},"82":{"start":{"line":263,"column":31},"end":{"line":263,"column":null}},"83":{"start":{"line":264,"column":14},"end":{"line":264,"column":null}},"84":{"start":{"line":265,"column":14},"end":{"line":265,"column":null}},"85":{"start":{"line":265,"column":42},"end":{"line":265,"column":null}},"86":{"start":{"line":266,"column":14},"end":{"line":266,"column":null}},"87":{"start":{"line":266,"column":42},"end":{"line":266,"column":null}},"88":{"start":{"line":267,"column":14},"end":{"line":267,"column":null}},"89":{"start":{"line":267,"column":48},"end":{"line":267,"column":null}},"90":{"start":{"line":272,"column":14},"end":{"line":274,"column":null}},"91":{"start":{"line":286,"column":29},"end":{"line":286,"column":null}},"92":{"start":{"line":305,"column":31},"end":{"line":305,"column":null}},"93":{"start":{"line":320,"column":18},"end":{"line":320,"column":null}},"94":{"start":{"line":325,"column":18},"end":{"line":327,"column":null}},"95":{"start":{"line":341,"column":29},"end":{"line":341,"column":null}},"96":{"start":{"line":342,"column":14},"end":{"line":342,"column":null}},"97":{"start":{"line":343,"column":14},"end":{"line":345,"column":null}},"98":{"start":{"line":344,"column":16},"end":{"line":344,"column":null}},"99":{"start":{"line":350,"column":14},"end":{"line":352,"column":null}},"100":{"start":{"line":365,"column":33},"end":{"line":365,"column":null}},"101":{"start":{"line":371,"column":18},"end":{"line":373,"column":null}},"102":{"start":{"line":384,"column":33},"end":{"line":384,"column":null}},"103":{"start":{"line":387,"column":54},"end":{"line":387,"column":59}},"104":{"start":{"line":388,"column":18},"end":{"line":390,"column":null}},"105":{"start":{"line":405,"column":33},"end":{"line":405,"column":null}},"106":{"start":{"line":412,"column":18},"end":{"line":414,"column":null}},"107":{"start":{"line":426,"column":35},"end":{"line":426,"column":null}},"108":{"start":{"line":430,"column":20},"end":{"line":432,"column":null}},"109":{"start":{"line":446,"column":33},"end":{"line":446,"column":null}},"110":{"start":{"line":450,"column":18},"end":{"line":452,"column":null}},"111":{"start":{"line":463,"column":33},"end":{"line":463,"column":null}},"112":{"start":{"line":467,"column":18},"end":{"line":469,"column":null}},"113":{"start":{"line":483,"column":29},"end":{"line":483,"column":null}},"114":{"start":{"line":494,"column":29},"end":{"line":494,"column":null}}},"fnMap":{"0":{"name":"(anonymous_0)","decl":{"start":{"line":31,"column":13},"end":{"line":31,"column":72}},"loc":{"start":{"line":37,"column":6},"end":{"line":514,"column":null}},"line":37},"1":{"name":"(anonymous_1)","decl":{"start":{"line":51,"column":8},"end":{"line":51,"column":26}},"loc":{"start":{"line":51,"column":26},"end":{"line":64,"column":null}},"line":51},"2":{"name":"(anonymous_2)","decl":{"start":{"line":66,"column":2},"end":{"line":66,"column":18}},"loc":{"start":{"line":66,"column":18},"end":{"line":109,"column":5}},"line":66},"3":{"name":"(anonymous_3)","decl":{"start":{"line":111,"column":8},"end":{"line":111,"column":29}},"loc":{"start":{"line":111,"column":47},"end":{"line":127,"column":null}},"line":111},"4":{"name":"(anonymous_4)","decl":{"start":{"line":129,"column":23},"end":{"line":129,"column":30}},"loc":{"start":{"line":129,"column":53},"end":{"line":236,"column":null}},"line":129},"5":{"name":"(anonymous_5)","decl":{"start":{"line":173,"column":42},"end":{"line":173,"column":null}},"loc":{"start":{"line":174,"column":17},"end":{"line":174,"column":null}},"line":174},"6":{"name":"(anonymous_6)","decl":{"start":{"line":262,"column":12},"end":{"line":262,"column":23}},"loc":{"start":{"line":262,"column":29},"end":{"line":268,"column":null}},"line":262},"7":{"name":"(anonymous_7)","decl":{"start":{"line":271,"column":33},"end":{"line":271,"column":38}},"loc":{"start":{"line":272,"column":14},"end":{"line":274,"column":null}},"line":272},"8":{"name":"(anonymous_8)","decl":{"start":{"line":286,"column":12},"end":{"line":286,"column":23}},"loc":{"start":{"line":286,"column":29},"end":{"line":286,"column":null}},"line":286},"9":{"name":"(anonymous_9)","decl":{"start":{"line":305,"column":14},"end":{"line":305,"column":25}},"loc":{"start":{"line":305,"column":31},"end":{"line":305,"column":null}},"line":305},"10":{"name":"(anonymous_10)","decl":{"start":{"line":319,"column":16},"end":{"line":319,"column":27}},"loc":{"start":{"line":320,"column":18},"end":{"line":320,"column":null}},"line":320},"11":{"name":"(anonymous_11)","decl":{"start":{"line":324,"column":33},"end":{"line":324,"column":38}},"loc":{"start":{"line":325,"column":18},"end":{"line":327,"column":null}},"line":325},"12":{"name":"(anonymous_12)","decl":{"start":{"line":340,"column":12},"end":{"line":340,"column":23}},"loc":{"start":{"line":340,"column":29},"end":{"line":346,"column":null}},"line":340},"13":{"name":"(anonymous_13)","decl":{"start":{"line":349,"column":35},"end":{"line":349,"column":40}},"loc":{"start":{"line":350,"column":14},"end":{"line":352,"column":null}},"line":350},"14":{"name":"(anonymous_14)","decl":{"start":{"line":365,"column":16},"end":{"line":365,"column":27}},"loc":{"start":{"line":365,"column":33},"end":{"line":365,"column":null}},"line":365},"15":{"name":"(anonymous_15)","decl":{"start":{"line":370,"column":25},"end":{"line":370,"column":30}},"loc":{"start":{"line":371,"column":18},"end":{"line":373,"column":null}},"line":371},"16":{"name":"(anonymous_16)","decl":{"start":{"line":384,"column":16},"end":{"line":384,"column":27}},"loc":{"start":{"line":384,"column":33},"end":{"line":384,"column":null}},"line":384},"17":{"name":"(anonymous_17)","decl":{"start":{"line":387,"column":41},"end":{"line":387,"column":45}},"loc":{"start":{"line":387,"column":54},"end":{"line":387,"column":59}},"line":387},"18":{"name":"(anonymous_18)","decl":{"start":{"line":387,"column":61},"end":{"line":387,"column":66}},"loc":{"start":{"line":388,"column":18},"end":{"line":390,"column":null}},"line":388},"19":{"name":"(anonymous_19)","decl":{"start":{"line":405,"column":16},"end":{"line":405,"column":27}},"loc":{"start":{"line":405,"column":33},"end":{"line":405,"column":null}},"line":405},"20":{"name":"(anonymous_20)","decl":{"start":{"line":411,"column":18},"end":{"line":411,"column":23}},"loc":{"start":{"line":412,"column":18},"end":{"line":414,"column":null}},"line":412},"21":{"name":"(anonymous_21)","decl":{"start":{"line":426,"column":18},"end":{"line":426,"column":29}},"loc":{"start":{"line":426,"column":35},"end":{"line":426,"column":null}},"line":426},"22":{"name":"(anonymous_22)","decl":{"start":{"line":429,"column":31},"end":{"line":429,"column":36}},"loc":{"start":{"line":430,"column":20},"end":{"line":432,"column":null}},"line":430},"23":{"name":"(anonymous_23)","decl":{"start":{"line":446,"column":16},"end":{"line":446,"column":27}},"loc":{"start":{"line":446,"column":33},"end":{"line":446,"column":null}},"line":446},"24":{"name":"(anonymous_24)","decl":{"start":{"line":449,"column":29},"end":{"line":449,"column":34}},"loc":{"start":{"line":450,"column":18},"end":{"line":452,"column":null}},"line":450},"25":{"name":"(anonymous_25)","decl":{"start":{"line":463,"column":16},"end":{"line":463,"column":27}},"loc":{"start":{"line":463,"column":33},"end":{"line":463,"column":null}},"line":463},"26":{"name":"(anonymous_26)","decl":{"start":{"line":466,"column":29},"end":{"line":466,"column":34}},"loc":{"start":{"line":467,"column":18},"end":{"line":469,"column":null}},"line":467},"27":{"name":"(anonymous_27)","decl":{"start":{"line":483,"column":12},"end":{"line":483,"column":23}},"loc":{"start":{"line":483,"column":29},"end":{"line":483,"column":null}},"line":483},"28":{"name":"(anonymous_28)","decl":{"start":{"line":494,"column":12},"end":{"line":494,"column":23}},"loc":{"start":{"line":494,"column":29},"end":{"line":494,"column":null}},"line":494}},"branchMap":{"0":{"loc":{"start":{"line":36,"column":2},"end":{"line":36,"column":null}},"type":"default-arg","locations":[{"start":{"line":36,"column":12},"end":{"line":36,"column":null}}],"line":36},"1":{"loc":{"start":{"line":67,"column":4},"end":{"line":108,"column":null}},"type":"if","locations":[{"start":{"line":67,"column":4},"end":{"line":108,"column":null}},{"start":{"line":106,"column":11},"end":{"line":108,"column":null}}],"line":67},"2":{"loc":{"start":{"line":68,"column":19},"end":{"line":68,"column":52}},"type":"binary-expr","locations":[{"start":{"line":68,"column":19},"end":{"line":68,"column":50}},{"start":{"line":68,"column":50},"end":{"line":68,"column":52}}],"line":68},"3":{"loc":{"start":{"line":70,"column":30},"end":{"line":70,"column":58}},"type":"binary-expr","locations":[{"start":{"line":70,"column":30},"end":{"line":70,"column":57}},{"start":{"line":70,"column":57},"end":{"line":70,"column":58}}],"line":70},"4":{"loc":{"start":{"line":80,"column":14},"end":{"line":80,"column":49}},"type":"binary-expr","locations":[{"start":{"line":80,"column":14},"end":{"line":80,"column":40}},{"start":{"line":80,"column":40},"end":{"line":80,"column":49}}],"line":80},"5":{"loc":{"start":{"line":83,"column":8},"end":{"line":86,"column":null}},"type":"binary-expr","locations":[{"start":{"line":83,"column":8},"end":{"line":83,"column":null}},{"start":{"line":84,"column":8},"end":{"line":84,"column":null}},{"start":{"line":85,"column":8},"end":{"line":85,"column":null}},{"start":{"line":86,"column":8},"end":{"line":86,"column":null}}],"line":83},"6":{"loc":{"start":{"line":88,"column":19},"end":{"line":88,"column":72}},"type":"cond-expr","locations":[{"start":{"line":88,"column":53},"end":{"line":88,"column":62}},{"start":{"line":88,"column":62},"end":{"line":88,"column":72}}],"line":88},"7":{"loc":{"start":{"line":90,"column":19},"end":{"line":90,"column":57}},"type":"binary-expr","locations":[{"start":{"line":90,"column":19},"end":{"line":90,"column":50}},{"start":{"line":90,"column":50},"end":{"line":90,"column":57}}],"line":90},"8":{"loc":{"start":{"line":91,"column":15},"end":{"line":91,"column":49}},"type":"binary-expr","locations":[{"start":{"line":91,"column":15},"end":{"line":91,"column":42}},{"start":{"line":91,"column":42},"end":{"line":91,"column":49}}],"line":91},"9":{"loc":{"start":{"line":92,"column":22},"end":{"line":92,"column":108}},"type":"binary-expr","locations":[{"start":{"line":92,"column":22},"end":{"line":92,"column":56}},{"start":{"line":92,"column":56},"end":{"line":92,"column":91}},{"start":{"line":92,"column":91},"end":{"line":92,"column":108}}],"line":92},"10":{"loc":{"start":{"line":93,"column":14},"end":{"line":93,"column":44}},"type":"binary-expr","locations":[{"start":{"line":93,"column":14},"end":{"line":93,"column":40}},{"start":{"line":93,"column":40},"end":{"line":93,"column":44}}],"line":93},"11":{"loc":{"start":{"line":95,"column":6},"end":{"line":98,"column":null}},"type":"if","locations":[{"start":{"line":95,"column":6},"end":{"line":98,"column":null}},{"start":{},"end":{}}],"line":95},"12":{"loc":{"start":{"line":101,"column":8},"end":{"line":103,"column":null}},"type":"binary-expr","locations":[{"start":{"line":101,"column":8},"end":{"line":101,"column":null}},{"start":{"line":102,"column":8},"end":{"line":102,"column":null}},{"start":{"line":103,"column":8},"end":{"line":103,"column":null}}],"line":101},"13":{"loc":{"start":{"line":113,"column":4},"end":{"line":116,"column":null}},"type":"if","locations":[{"start":{"line":113,"column":4},"end":{"line":116,"column":null}},{"start":{},"end":{}}],"line":113},"14":{"loc":{"start":{"line":132,"column":4},"end":{"line":135,"column":null}},"type":"if","locations":[{"start":{"line":132,"column":4},"end":{"line":135,"column":null}},{"start":{},"end":{}}],"line":132},"15":{"loc":{"start":{"line":132,"column":8},"end":{"line":132,"column":39}},"type":"binary-expr","locations":[{"start":{"line":132,"column":8},"end":{"line":132,"column":22}},{"start":{"line":132,"column":22},"end":{"line":132,"column":32}},{"start":{"line":132,"column":32},"end":{"line":132,"column":39}}],"line":132},"16":{"loc":{"start":{"line":137,"column":4},"end":{"line":140,"column":null}},"type":"if","locations":[{"start":{"line":137,"column":4},"end":{"line":140,"column":null}},{"start":{},"end":{}}],"line":137},"17":{"loc":{"start":{"line":137,"column":8},"end":{"line":137,"column":60}},"type":"binary-expr","locations":[{"start":{"line":137,"column":8},"end":{"line":137,"column":36}},{"start":{"line":137,"column":36},"end":{"line":137,"column":60}}],"line":137},"18":{"loc":{"start":{"line":143,"column":6},"end":{"line":150,"column":null}},"type":"cond-expr","locations":[{"start":{"line":144,"column":10},"end":{"line":149,"column":null}},{"start":{"line":150,"column":10},"end":{"line":150,"column":null}}],"line":143},"19":{"loc":{"start":{"line":152,"column":4},"end":{"line":232,"column":null}},"type":"if","locations":[{"start":{"line":152,"column":4},"end":{"line":232,"column":null}},{"start":{"line":171,"column":11},"end":{"line":232,"column":null}}],"line":152},"20":{"loc":{"start":{"line":157,"column":19},"end":{"line":157,"column":null}},"type":"cond-expr","locations":[{"start":{"line":157,"column":40},"end":{"line":157,"column":52}},{"start":{"line":157,"column":52},"end":{"line":157,"column":null}}],"line":157},"21":{"loc":{"start":{"line":158,"column":19},"end":{"line":158,"column":null}},"type":"cond-expr","locations":[{"start":{"line":158,"column":40},"end":{"line":158,"column":52}},{"start":{"line":158,"column":52},"end":{"line":158,"column":null}}],"line":158},"22":{"loc":{"start":{"line":159,"column":19},"end":{"line":159,"column":null}},"type":"cond-expr","locations":[{"start":{"line":159,"column":46},"end":{"line":159,"column":64}},{"start":{"line":159,"column":64},"end":{"line":159,"column":null}}],"line":159},"23":{"loc":{"start":{"line":159,"column":64},"end":{"line":159,"column":null}},"type":"binary-expr","locations":[{"start":{"line":159,"column":64},"end":{"line":159,"column":77}},{"start":{"line":159,"column":77},"end":{"line":159,"column":null}}],"line":159},"24":{"loc":{"start":{"line":160,"column":15},"end":{"line":160,"column":null}},"type":"binary-expr","locations":[{"start":{"line":160,"column":15},"end":{"line":160,"column":24}},{"start":{"line":160,"column":24},"end":{"line":160,"column":null}}],"line":160},"25":{"loc":{"start":{"line":161,"column":22},"end":{"line":161,"column":null}},"type":"cond-expr","locations":[{"start":{"line":161,"column":49},"end":{"line":161,"column":64}},{"start":{"line":161,"column":64},"end":{"line":161,"column":null}}],"line":161},"26":{"loc":{"start":{"line":162,"column":23},"end":{"line":162,"column":null}},"type":"cond-expr","locations":[{"start":{"line":162,"column":50},"end":{"line":162,"column":65}},{"start":{"line":162,"column":65},"end":{"line":162,"column":null}}],"line":162},"27":{"loc":{"start":{"line":168,"column":6},"end":{"line":170,"column":null}},"type":"if","locations":[{"start":{"line":168,"column":6},"end":{"line":170,"column":null}},{"start":{},"end":{}}],"line":168},"28":{"loc":{"start":{"line":172,"column":6},"end":{"line":231,"column":null}},"type":"if","locations":[{"start":{"line":172,"column":6},"end":{"line":231,"column":null}},{"start":{"line":213,"column":13},"end":{"line":231,"column":null}}],"line":172},"29":{"loc":{"start":{"line":172,"column":10},"end":{"line":172,"column":70}},"type":"binary-expr","locations":[{"start":{"line":172,"column":10},"end":{"line":172,"column":32}},{"start":{"line":172,"column":32},"end":{"line":172,"column":70}}],"line":172},"30":{"loc":{"start":{"line":177,"column":8},"end":{"line":180,"column":null}},"type":"if","locations":[{"start":{"line":177,"column":8},"end":{"line":180,"column":null}},{"start":{},"end":{}}],"line":177},"31":{"loc":{"start":{"line":193,"column":14},"end":{"line":195,"column":null}},"type":"cond-expr","locations":[{"start":{"line":194,"column":18},"end":{"line":194,"column":null}},{"start":{"line":195,"column":18},"end":{"line":195,"column":null}}],"line":193},"32":{"loc":{"start":{"line":200,"column":23},"end":{"line":200,"column":null}},"type":"binary-expr","locations":[{"start":{"line":200,"column":23},"end":{"line":200,"column":36}},{"start":{"line":200,"column":36},"end":{"line":200,"column":null}}],"line":200},"33":{"loc":{"start":{"line":218,"column":21},"end":{"line":218,"column":null}},"type":"cond-expr","locations":[{"start":{"line":218,"column":42},"end":{"line":218,"column":54}},{"start":{"line":218,"column":54},"end":{"line":218,"column":null}}],"line":218},"34":{"loc":{"start":{"line":219,"column":21},"end":{"line":219,"column":null}},"type":"cond-expr","locations":[{"start":{"line":219,"column":42},"end":{"line":219,"column":54}},{"start":{"line":219,"column":54},"end":{"line":219,"column":null}}],"line":219},"35":{"loc":{"start":{"line":221,"column":12},"end":{"line":221,"column":null}},"type":"cond-expr","locations":[{"start":{"line":221,"column":39},"end":{"line":221,"column":57}},{"start":{"line":221,"column":57},"end":{"line":221,"column":null}}],"line":221},"36":{"loc":{"start":{"line":221,"column":57},"end":{"line":221,"column":null}},"type":"binary-expr","locations":[{"start":{"line":221,"column":57},"end":{"line":221,"column":70}},{"start":{"line":221,"column":70},"end":{"line":221,"column":null}}],"line":221},"37":{"loc":{"start":{"line":222,"column":17},"end":{"line":222,"column":null}},"type":"binary-expr","locations":[{"start":{"line":222,"column":17},"end":{"line":222,"column":26}},{"start":{"line":222,"column":26},"end":{"line":222,"column":null}}],"line":222},"38":{"loc":{"start":{"line":223,"column":24},"end":{"line":223,"column":null}},"type":"cond-expr","locations":[{"start":{"line":223,"column":51},"end":{"line":223,"column":66}},{"start":{"line":223,"column":66},"end":{"line":223,"column":null}}],"line":223},"39":{"loc":{"start":{"line":224,"column":25},"end":{"line":224,"column":null}},"type":"cond-expr","locations":[{"start":{"line":224,"column":52},"end":{"line":224,"column":67}},{"start":{"line":224,"column":67},"end":{"line":224,"column":null}}],"line":224},"40":{"loc":{"start":{"line":235,"column":4},"end":{"line":235,"column":null}},"type":"if","locations":[{"start":{"line":235,"column":4},"end":{"line":235,"column":null}},{"start":{},"end":{}}],"line":235},"41":{"loc":{"start":{"line":242,"column":11},"end":{"line":242,"column":null}},"type":"cond-expr","locations":[{"start":{"line":242,"column":31},"end":{"line":242,"column":52}},{"start":{"line":242,"column":52},"end":{"line":242,"column":null}}],"line":242},"42":{"loc":{"start":{"line":244,"column":9},"end":{"line":253,"column":null}},"type":"binary-expr","locations":[{"start":{"line":244,"column":9},"end":{"line":244,"column":null}},{"start":{"line":245,"column":10},"end":{"line":253,"column":null}}],"line":244},"43":{"loc":{"start":{"line":265,"column":14},"end":{"line":265,"column":null}},"type":"if","locations":[{"start":{"line":265,"column":14},"end":{"line":265,"column":null}},{"start":{},"end":{}}],"line":265},"44":{"loc":{"start":{"line":266,"column":14},"end":{"line":266,"column":null}},"type":"if","locations":[{"start":{"line":266,"column":14},"end":{"line":266,"column":null}},{"start":{},"end":{}}],"line":266},"45":{"loc":{"start":{"line":267,"column":14},"end":{"line":267,"column":null}},"type":"if","locations":[{"start":{"line":267,"column":14},"end":{"line":267,"column":null}},{"start":{},"end":{}}],"line":267},"46":{"loc":{"start":{"line":288,"column":14},"end":{"line":290,"column":null}},"type":"cond-expr","locations":[{"start":{"line":289,"column":18},"end":{"line":289,"column":null}},{"start":{"line":290,"column":18},"end":{"line":290,"column":null}}],"line":288},"47":{"loc":{"start":{"line":312,"column":11},"end":{"line":332,"column":null}},"type":"binary-expr","locations":[{"start":{"line":312,"column":11},"end":{"line":312,"column":null}},{"start":{"line":313,"column":12},"end":{"line":332,"column":null}}],"line":312},"48":{"loc":{"start":{"line":343,"column":14},"end":{"line":345,"column":null}},"type":"if","locations":[{"start":{"line":343,"column":14},"end":{"line":345,"column":null}},{"start":{},"end":{}}],"line":343},"49":{"loc":{"start":{"line":343,"column":18},"end":{"line":343,"column":69}},"type":"binary-expr","locations":[{"start":{"line":343,"column":18},"end":{"line":343,"column":49}},{"start":{"line":343,"column":49},"end":{"line":343,"column":69}}],"line":343},"50":{"loc":{"start":{"line":357,"column":9},"end":{"line":394,"column":null}},"type":"binary-expr","locations":[{"start":{"line":357,"column":9},"end":{"line":357,"column":31}},{"start":{"line":357,"column":31},"end":{"line":357,"column":53}},{"start":{"line":357,"column":53},"end":{"line":357,"column":null}},{"start":{"line":358,"column":10},"end":{"line":394,"column":null}}],"line":357},"51":{"loc":{"start":{"line":389,"column":26},"end":{"line":389,"column":null}},"type":"cond-expr","locations":[{"start":{"line":389,"column":36},"end":{"line":389,"column":50}},{"start":{"line":389,"column":50},"end":{"line":389,"column":null}}],"line":389},"52":{"loc":{"start":{"line":397,"column":9},"end":{"line":473,"column":null}},"type":"cond-expr","locations":[{"start":{"line":398,"column":10},"end":{"line":439,"column":11}},{"start":{"line":439,"column":10},"end":{"line":473,"column":null}}],"line":397},"53":{"loc":{"start":{"line":408,"column":18},"end":{"line":410,"column":42}},"type":"cond-expr","locations":[{"start":{"line":409,"column":20},"end":{"line":409,"column":null}},{"start":{"line":410,"column":20},"end":{"line":410,"column":42}}],"line":408},"54":{"loc":{"start":{"line":419,"column":13},"end":{"line":437,"column":null}},"type":"binary-expr","locations":[{"start":{"line":419,"column":13},"end":{"line":419,"column":null}},{"start":{"line":420,"column":14},"end":{"line":437,"column":null}}],"line":419},"55":{"loc":{"start":{"line":509,"column":11},"end":{"line":509,"column":null}},"type":"cond-expr","locations":[{"start":{"line":509,"column":31},"end":{"line":509,"column":55}},{"start":{"line":509,"column":55},"end":{"line":509,"column":null}}],"line":509}},"s":{"0":1,"1":20,"2":20,"3":20,"4":20,"5":20,"6":20,"7":20,"8":20,"9":20,"10":20,"11":20,"12":20,"13":20,"14":2,"15":2,"16":2,"17":2,"18":2,"19":2,"20":2,"21":2,"22":2,"23":2,"24":2,"25":2,"26":20,"27":1,"28":0,"29":0,"30":0,"31":0,"32":0,"33":0,"34":0,"35":0,"36":0,"37":0,"38":0,"39":0,"40":0,"41":0,"42":0,"43":1,"44":20,"45":5,"46":5,"47":0,"48":0,"49":5,"50":5,"51":20,"52":1,"53":1,"54":0,"55":0,"56":1,"57":0,"58":0,"59":1,"60":1,"61":0,"62":0,"63":0,"64":1,"65":0,"66":0,"67":0,"68":0,"69":0,"70":0,"71":0,"72":0,"73":0,"74":0,"75":0,"76":1,"77":1,"78":1,"79":1,"80":0,"81":20,"82":0,"83":0,"84":0,"85":0,"86":0,"87":0,"88":0,"89":0,"90":60,"91":12,"92":5,"93":0,"94":40,"95":0,"96":0,"97":0,"98":0,"99":100,"100":0,"101":0,"102":0,"103":0,"104":0,"105":0,"106":280,"107":0,"108":220,"109":0,"110":0,"111":0,"112":0,"113":0,"114":0},"f":{"0":20,"1":2,"2":1,"3":5,"4":1,"5":0,"6":0,"7":60,"8":12,"9":5,"10":0,"11":40,"12":0,"13":100,"14":0,"15":0,"16":0,"17":0,"18":0,"19":0,"20":280,"21":0,"22":220,"23":0,"24":0,"25":0,"26":0,"27":0,"28":0},"b":{"0":[20],"1":[0,1],"2":[0,0],"3":[0,0],"4":[0,0],"5":[0,0,0,0],"6":[0,0],"7":[0,0],"8":[0,0],"9":[0,0,0],"10":[0,0],"11":[0,0],"12":[0,0,0],"13":[0,5],"14":[0,1],"15":[1,1,1],"16":[0,1],"17":[1,0],"18":[1,0],"19":[0,1],"20":[0,0],"21":[0,0],"22":[0,0],"23":[0,0],"24":[0,0],"25":[0,0],"26":[0,0],"27":[0,0],"28":[0,1],"29":[1,1],"30":[0,0],"31":[0,0],"32":[0,0],"33":[1,0],"34":[1,0],"35":[0,1],"36":[1,0],"37":[1,0],"38":[0,1],"39":[0,1],"40":[0,1],"41":[0,20],"42":[20,0],"43":[0,0],"44":[0,0],"45":[0,0],"46":[0,20],"47":[20,20],"48":[0,0],"49":[0,0],"50":[20,20,20,0],"51":[0,0],"52":[20,0],"53":[20,0],"54":[20,20],"55":[0,20]},"meta":{"lastBranch":56,"lastFunction":29,"lastStatement":115,"seen":{"s:31:13:514:Infinity":0,"f:31:13:31:72":0,"b:36:12:36:Infinity":0,"s:38:36:38:Infinity":1,"s:39:28:39:Infinity":2,"s:40:26:40:Infinity":3,"s:41:36:41:Infinity":4,"s:42:48:42:Infinity":5,"s:43:34:43:Infinity":6,"s:44:44:44:Infinity":7,"s:45:36:45:Infinity":8,"s:46:28:46:Infinity":9,"s:47:42:47:Infinity":10,"s:48:26:48:Infinity":11,"s:49:26:49:Infinity":12,"s:51:8:64:Infinity":13,"f:51:8:51:26":1,"s:52:4:52:Infinity":14,"s:53:4:53:Infinity":15,"s:54:4:54:Infinity":16,"s:55:4:55:Infinity":17,"s:56:4:56:Infinity":18,"s:57:4:57:Infinity":19,"s:58:4:58:Infinity":20,"s:59:4:59:Infinity":21,"s:60:4:60:Infinity":22,"s:61:4:61:Infinity":23,"s:62:4:62:Infinity":24,"s:63:4:63:Infinity":25,"s:66:2:109:Infinity":26,"f:66:2:66:18":2,"b:67:4:108:Infinity:106:11:108:Infinity":1,"s:67:4:108:Infinity":27,"s:68:6:68:Infinity":28,"b:68:19:68:50:68:50:68:52":2,"s:70:23:70:Infinity":29,"b:70:30:70:57:70:57:70:58":3,"s:71:6:78:Infinity":30,"s:80:6:80:Infinity":31,"b:80:14:80:40:80:40:80:49":4,"s:83:8:86:Infinity":32,"b:83:8:83:Infinity:84:8:84:Infinity:85:8:85:Infinity:86:8:86:Infinity":5,"s:88:6:88:Infinity":33,"b:88:53:88:62:88:62:88:72":6,"s:90:6:90:Infinity":34,"b:90:19:90:50:90:50:90:57":7,"s:91:6:91:Infinity":35,"b:91:15:91:42:91:42:91:49":8,"s:92:6:92:Infinity":36,"b:92:22:92:56:92:56:92:91:92:91:92:108":9,"s:93:6:93:Infinity":37,"b:93:14:93:40:93:40:93:44":10,"b:95:6:98:Infinity:undefined:undefined:undefined:undefined":11,"s:95:6:98:Infinity":38,"s:96:30:96:Infinity":39,"s:97:8:97:Infinity":40,"s:101:8:103:Infinity":41,"b:101:8:101:Infinity:102:8:102:Infinity:103:8:103:Infinity":12,"s:105:6:105:Infinity":42,"s:107:6:107:Infinity":43,"s:111:8:127:Infinity":44,"f:111:8:111:29":3,"s:112:19:112:Infinity":45,"b:113:4:116:Infinity:undefined:undefined:undefined:undefined":13,"s:113:4:116:Infinity":46,"s:114:6:114:Infinity":47,"s:115:6:115:Infinity":48,"s:118:25:118:Infinity":49,"s:119:4:126:Infinity":50,"s:129:23:236:Infinity":51,"f:129:23:129:30":4,"s:130:4:130:Infinity":52,"b:132:4:135:Infinity:undefined:undefined:undefined:undefined":14,"s:132:4:135:Infinity":53,"b:132:8:132:22:132:22:132:32:132:32:132:39":15,"s:133:6:133:Infinity":54,"s:134:6:134:Infinity":55,"b:137:4:140:Infinity:undefined:undefined:undefined:undefined":16,"s:137:4:140:Infinity":56,"b:137:8:137:36:137:36:137:60":17,"s:138:6:138:Infinity":57,"s:139:6:139:Infinity":58,"s:143:6:150:Infinity":59,"b:144:10:149:Infinity:150:10:150:Infinity":18,"b:152:4:232:Infinity:171:11:232:Infinity":19,"s:152:4:232:Infinity":60,"s:153:57:166:Infinity":61,"b:157:40:157:52:157:52:157:Infinity":20,"b:158:40:158:52:158:52:158:Infinity":21,"b:159:46:159:64:159:64:159:Infinity":22,"b:159:64:159:77:159:77:159:Infinity":23,"b:160:15:160:24:160:24:160:Infinity":24,"b:161:49:161:64:161:64:161:Infinity":25,"b:162:50:162:65:162:65:162:Infinity":26,"b:168:6:170:Infinity:undefined:undefined:undefined:undefined":27,"s:168:6:170:Infinity":62,"s:169:8:169:Infinity":63,"b:172:6:231:Infinity:213:13:231:Infinity":28,"s:172:6:231:Infinity":64,"b:172:10:172:32:172:32:172:70":29,"s:173:34:175:Infinity":65,"f:173:42:173:Infinity":5,"s:174:17:174:Infinity":66,"b:177:8:180:Infinity:undefined:undefined:undefined:undefined":30,"s:177:8:180:Infinity":67,"s:178:10:178:Infinity":68,"s:179:10:179:Infinity":69,"s:182:29:182:Infinity":70,"s:184:8:212:Infinity":71,"s:184:21:184:24":72,"s:185:39:189:Infinity":73,"s:191:55:209:Infinity":74,"b:194:18:194:Infinity:195:18:195:Infinity":31,"b:200:23:200:36:200:36:200:Infinity":32,"s:211:10:211:Infinity":75,"s:214:53:228:Infinity":76,"b:218:42:218:54:218:54:218:Infinity":33,"b:219:42:219:54:219:54:219:Infinity":34,"b:221:39:221:57:221:57:221:Infinity":35,"b:221:57:221:70:221:70:221:Infinity":36,"b:222:17:222:26:222:26:222:Infinity":37,"b:223:51:223:66:223:66:223:Infinity":38,"b:224:52:224:67:224:67:224:Infinity":39,"s:230:8:230:Infinity":77,"s:234:4:234:Infinity":78,"b:235:4:235:Infinity:undefined:undefined:undefined:undefined":40,"s:235:4:235:Infinity":79,"s:235:26:235:Infinity":80,"s:238:2:512:Infinity":81,"b:242:31:242:52:242:52:242:Infinity":41,"b:244:9:244:Infinity:245:10:253:Infinity":42,"f:262:12:262:23":6,"s:263:31:263:Infinity":82,"s:264:14:264:Infinity":83,"b:265:14:265:Infinity:undefined:undefined:undefined:undefined":43,"s:265:14:265:Infinity":84,"s:265:42:265:Infinity":85,"b:266:14:266:Infinity:undefined:undefined:undefined:undefined":44,"s:266:14:266:Infinity":86,"s:266:42:266:Infinity":87,"b:267:14:267:Infinity:undefined:undefined:undefined:undefined":45,"s:267:14:267:Infinity":88,"s:267:48:267:Infinity":89,"f:271:33:271:38":7,"s:272:14:274:Infinity":90,"f:286:12:286:23":8,"s:286:29:286:Infinity":91,"b:289:18:289:Infinity:290:18:290:Infinity":46,"f:305:14:305:25":9,"s:305:31:305:Infinity":92,"b:312:11:312:Infinity:313:12:332:Infinity":47,"f:319:16:319:27":10,"s:320:18:320:Infinity":93,"f:324:33:324:38":11,"s:325:18:327:Infinity":94,"f:340:12:340:23":12,"s:341:29:341:Infinity":95,"s:342:14:342:Infinity":96,"b:343:14:345:Infinity:undefined:undefined:undefined:undefined":48,"s:343:14:345:Infinity":97,"b:343:18:343:49:343:49:343:69":49,"s:344:16:344:Infinity":98,"f:349:35:349:40":13,"s:350:14:352:Infinity":99,"b:357:9:357:31:357:31:357:53:357:53:357:Infinity:358:10:394:Infinity":50,"f:365:16:365:27":14,"s:365:33:365:Infinity":100,"f:370:25:370:30":15,"s:371:18:373:Infinity":101,"f:384:16:384:27":16,"s:384:33:384:Infinity":102,"f:387:41:387:45":17,"s:387:54:387:59":103,"f:387:61:387:66":18,"s:388:18:390:Infinity":104,"b:389:36:389:50:389:50:389:Infinity":51,"b:398:10:439:11:439:10:473:Infinity":52,"f:405:16:405:27":19,"s:405:33:405:Infinity":105,"b:409:20:409:Infinity:410:20:410:42":53,"f:411:18:411:23":20,"s:412:18:414:Infinity":106,"b:419:13:419:Infinity:420:14:437:Infinity":54,"f:426:18:426:29":21,"s:426:35:426:Infinity":107,"f:429:31:429:36":22,"s:430:20:432:Infinity":108,"f:446:16:446:27":23,"s:446:33:446:Infinity":109,"f:449:29:449:34":24,"s:450:18:452:Infinity":110,"f:463:16:463:27":25,"s:463:33:463:Infinity":111,"f:466:29:466:34":26,"s:467:18:469:Infinity":112,"f:483:12:483:23":27,"s:483:29:483:Infinity":113,"f:494:12:494:23":28,"s:494:29:494:Infinity":114,"b:509:31:509:55:509:55:509:Infinity":55},"fnNames":{}}}
,"C:\\Users\\Meibo\\Documents\\Porjetos\\controle-financeiro\\src\\components\\ListaTransacoes.tsx": {"path":"C:\\Users\\Meibo\\Documents\\Porjetos\\controle-financeiro\\src\\components\\ListaTransacoes.tsx","statementMap":{"0":{"start":{"line":13,"column":6},"end":{"line":21,"column":null}},"1":{"start":{"line":14,"column":2},"end":{"line":14,"column":null}},"2":{"start":{"line":14,"column":15},"end":{"line":14,"column":null}},"3":{"start":{"line":15,"column":12},"end":{"line":15,"column":null}},"4":{"start":{"line":16,"column":2},"end":{"line":16,"column":null}},"5":{"start":{"line":16,"column":61},"end":{"line":16,"column":null}},"6":{"start":{"line":17,"column":2},"end":{"line":17,"column":null}},"7":{"start":{"line":17,"column":25},"end":{"line":17,"column":null}},"8":{"start":{"line":18,"column":2},"end":{"line":18,"column":null}},"9":{"start":{"line":18,"column":28},"end":{"line":18,"column":null}},"10":{"start":{"line":19,"column":2},"end":{"line":19,"column":null}},"11":{"start":{"line":19,"column":30},"end":{"line":19,"column":null}},"12":{"start":{"line":20,"column":2},"end":{"line":20,"column":null}},"13":{"start":{"line":23,"column":13},"end":{"line":279,"column":null}},"14":{"start":{"line":30,"column":40},"end":{"line":30,"column":null}},"15":{"start":{"line":31,"column":46},"end":{"line":31,"column":null}},"16":{"start":{"line":33,"column":2},"end":{"line":35,"column":null}},"17":{"start":{"line":34,"column":4},"end":{"line":34,"column":null}},"18":{"start":{"line":37,"column":2},"end":{"line":43,"column":null}},"19":{"start":{"line":38,"column":4},"end":{"line":41,"column":null}},"20":{"start":{"line":45,"column":21},"end":{"line":45,"column":null}},"21":{"start":{"line":46,"column":23},"end":{"line":46,"column":null}},"22":{"start":{"line":47,"column":8},"end":{"line":47,"column":null}},"23":{"start":{"line":48,"column":22},"end":{"line":48,"column":null}},"24":{"start":{"line":49,"column":30},"end":{"line":49,"column":null}},"25":{"start":{"line":51,"column":8},"end":{"line":54,"column":null}},"26":{"start":{"line":52,"column":4},"end":{"line":52,"column":null}},"27":{"start":{"line":53,"column":4},"end":{"line":53,"column":null}},"28":{"start":{"line":56,"column":2},"end":{"line":277,"column":null}},"29":{"start":{"line":75,"column":37},"end":{"line":77,"column":null}},"30":{"start":{"line":79,"column":40},"end":{"line":79,"column":null}},"31":{"start":{"line":80,"column":38},"end":{"line":80,"column":null}},"32":{"start":{"line":81,"column":31},"end":{"line":81,"column":null}},"33":{"start":{"line":82,"column":36},"end":{"line":82,"column":null}},"34":{"start":{"line":83,"column":38},"end":{"line":83,"column":null}},"35":{"start":{"line":85,"column":14},"end":{"line":220,"column":null}},"36":{"start":{"line":93,"column":37},"end":{"line":93,"column":null}},"37":{"start":{"line":178,"column":41},"end":{"line":178,"column":null}},"38":{"start":{"line":200,"column":39},"end":{"line":200,"column":null}},"39":{"start":{"line":232,"column":29},"end":{"line":232,"column":null}},"40":{"start":{"line":253,"column":29},"end":{"line":253,"column":null}},"41":{"start":{"line":253,"column":54},"end":{"line":253,"column":75}},"42":{"start":{"line":267,"column":16},"end":{"line":267,"column":null}},"43":{"start":{"line":267,"column":41},"end":{"line":267,"column":73}}},"fnMap":{"0":{"name":"(anonymous_0)","decl":{"start":{"line":13,"column":6},"end":{"line":13,"column":32}},"loc":{"start":{"line":13,"column":52},"end":{"line":21,"column":null}},"line":13},"1":{"name":"(anonymous_1)","decl":{"start":{"line":23,"column":13},"end":{"line":23,"column":64}},"loc":{"start":{"line":29,"column":6},"end":{"line":279,"column":null}},"line":29},"2":{"name":"(anonymous_2)","decl":{"start":{"line":33,"column":2},"end":{"line":33,"column":18}},"loc":{"start":{"line":33,"column":18},"end":{"line":35,"column":5}},"line":33},"3":{"name":"(anonymous_3)","decl":{"start":{"line":51,"column":8},"end":{"line":51,"column":37}},"loc":{"start":{"line":51,"column":60},"end":{"line":54,"column":null}},"line":51},"4":{"name":"(anonymous_4)","decl":{"start":{"line":74,"column":33},"end":{"line":74,"column":38}},"loc":{"start":{"line":74,"column":44},"end":{"line":222,"column":13}},"line":74},"5":{"name":"(anonymous_5)","decl":{"start":{"line":93,"column":22},"end":{"line":93,"column":37}},"loc":{"start":{"line":93,"column":37},"end":{"line":93,"column":null}},"line":93},"6":{"name":"(anonymous_6)","decl":{"start":{"line":178,"column":26},"end":{"line":178,"column":41}},"loc":{"start":{"line":178,"column":41},"end":{"line":178,"column":null}},"line":178},"7":{"name":"(anonymous_7)","decl":{"start":{"line":200,"column":24},"end":{"line":200,"column":39}},"loc":{"start":{"line":200,"column":39},"end":{"line":200,"column":null}},"line":200},"8":{"name":"(anonymous_8)","decl":{"start":{"line":232,"column":12},"end":{"line":232,"column":23}},"loc":{"start":{"line":232,"column":29},"end":{"line":232,"column":null}},"line":232},"9":{"name":"(anonymous_9)","decl":{"start":{"line":253,"column":14},"end":{"line":253,"column":29}},"loc":{"start":{"line":253,"column":29},"end":{"line":253,"column":null}},"line":253},"10":{"name":"(anonymous_10)","decl":{"start":{"line":253,"column":29},"end":{"line":253,"column":45}},"loc":{"start":{"line":253,"column":54},"end":{"line":253,"column":75}},"line":253},"11":{"name":"(anonymous_11)","decl":{"start":{"line":266,"column":14},"end":{"line":266,"column":null}},"loc":{"start":{"line":267,"column":16},"end":{"line":267,"column":null}},"line":267},"12":{"name":"(anonymous_12)","decl":{"start":{"line":267,"column":16},"end":{"line":267,"column":32}},"loc":{"start":{"line":267,"column":41},"end":{"line":267,"column":73}},"line":267}},"branchMap":{"0":{"loc":{"start":{"line":14,"column":2},"end":{"line":14,"column":null}},"type":"if","locations":[{"start":{"line":14,"column":2},"end":{"line":14,"column":null}},{"start":{},"end":{}}],"line":14},"1":{"loc":{"start":{"line":16,"column":2},"end":{"line":16,"column":null}},"type":"if","locations":[{"start":{"line":16,"column":2},"end":{"line":16,"column":null}},{"start":{},"end":{}}],"line":16},"2":{"loc":{"start":{"line":16,"column":6},"end":{"line":16,"column":61}},"type":"binary-expr","locations":[{"start":{"line":16,"column":6},"end":{"line":16,"column":38}},{"start":{"line":16,"column":38},"end":{"line":16,"column":61}}],"line":16},"3":{"loc":{"start":{"line":17,"column":2},"end":{"line":17,"column":null}},"type":"if","locations":[{"start":{"line":17,"column":2},"end":{"line":17,"column":null}},{"start":{},"end":{}}],"line":17},"4":{"loc":{"start":{"line":18,"column":2},"end":{"line":18,"column":null}},"type":"if","locations":[{"start":{"line":18,"column":2},"end":{"line":18,"column":null}},{"start":{},"end":{}}],"line":18},"5":{"loc":{"start":{"line":19,"column":2},"end":{"line":19,"column":null}},"type":"if","locations":[{"start":{"line":19,"column":2},"end":{"line":19,"column":null}},{"start":{},"end":{}}],"line":19},"6":{"loc":{"start":{"line":24,"column":2},"end":{"line":24,"column":null}},"type":"default-arg","locations":[{"start":{"line":24,"column":15},"end":{"line":24,"column":null}}],"line":24},"7":{"loc":{"start":{"line":37,"column":2},"end":{"line":43,"column":null}},"type":"if","locations":[{"start":{"line":37,"column":2},"end":{"line":43,"column":null}},{"start":{},"end":{}}],"line":37},"8":{"loc":{"start":{"line":37,"column":6},"end":{"line":37,"column":46}},"type":"binary-expr","locations":[{"start":{"line":37,"column":6},"end":{"line":37,"column":21}},{"start":{"line":37,"column":21},"end":{"line":37,"column":46}}],"line":37},"9":{"loc":{"start":{"line":76,"column":16},"end":{"line":76,"column":null}},"type":"binary-expr","locations":[{"start":{"line":76,"column":16},"end":{"line":76,"column":31}},{"start":{"line":76,"column":31},"end":{"line":76,"column":46}},{"start":{"line":76,"column":46},"end":{"line":76,"column":62}},{"start":{"line":76,"column":62},"end":{"line":76,"column":null}}],"line":76},"10":{"loc":{"start":{"line":79,"column":40},"end":{"line":79,"column":null}},"type":"binary-expr","locations":[{"start":{"line":79,"column":40},"end":{"line":79,"column":58}},{"start":{"line":79,"column":58},"end":{"line":79,"column":null}}],"line":79},"11":{"loc":{"start":{"line":82,"column":43},"end":{"line":82,"column":55}},"type":"binary-expr","locations":[{"start":{"line":82,"column":43},"end":{"line":82,"column":54}},{"start":{"line":82,"column":54},"end":{"line":82,"column":55}}],"line":82},"12":{"loc":{"start":{"line":83,"column":38},"end":{"line":83,"column":null}},"type":"binary-expr","locations":[{"start":{"line":83,"column":38},"end":{"line":83,"column":59}},{"start":{"line":83,"column":59},"end":{"line":83,"column":null}}],"line":83},"13":{"loc":{"start":{"line":95,"column":24},"end":{"line":97,"column":null}},"type":"cond-expr","locations":[{"start":{"line":96,"column":28},"end":{"line":96,"column":null}},{"start":{"line":97,"column":28},"end":{"line":97,"column":null}}],"line":95},"14":{"loc":{"start":{"line":100,"column":23},"end":{"line":100,"column":null}},"type":"cond-expr","locations":[{"start":{"line":100,"column":34},"end":{"line":100,"column":48}},{"start":{"line":100,"column":48},"end":{"line":100,"column":null}}],"line":100},"15":{"loc":{"start":{"line":105,"column":21},"end":{"line":105,"column":null}},"type":"cond-expr","locations":[{"start":{"line":105,"column":30},"end":{"line":105,"column":53}},{"start":{"line":105,"column":53},"end":{"line":105,"column":null}}],"line":105},"16":{"loc":{"start":{"line":109,"column":21},"end":{"line":109,"column":null}},"type":"binary-expr","locations":[{"start":{"line":109,"column":21},"end":{"line":109,"column":36}},{"start":{"line":109,"column":36},"end":{"line":109,"column":null}}],"line":109},"17":{"loc":{"start":{"line":113,"column":21},"end":{"line":128,"column":null}},"type":"cond-expr","locations":[{"start":{"line":114,"column":22},"end":{"line":117,"column":26}},{"start":{"line":117,"column":24},"end":{"line":128,"column":null}}],"line":113},"18":{"loc":{"start":{"line":117,"column":24},"end":{"line":128,"column":null}},"type":"cond-expr","locations":[{"start":{"line":118,"column":22},"end":{"line":128,"column":23}},{"start":{"line":128,"column":22},"end":{"line":128,"column":null}}],"line":117},"19":{"loc":{"start":{"line":120,"column":26},"end":{"line":122,"column":null}},"type":"cond-expr","locations":[{"start":{"line":121,"column":30},"end":{"line":121,"column":null}},{"start":{"line":122,"column":30},"end":{"line":122,"column":null}}],"line":120},"20":{"loc":{"start":{"line":125,"column":25},"end":{"line":125,"column":null}},"type":"cond-expr","locations":[{"start":{"line":125,"column":59},"end":{"line":125,"column":68}},{"start":{"line":125,"column":68},"end":{"line":125,"column":null}}],"line":125},"21":{"loc":{"start":{"line":140,"column":23},"end":{"line":140,"column":null}},"type":"binary-expr","locations":[{"start":{"line":140,"column":23},"end":{"line":140,"column":39}},{"start":{"line":140,"column":39},"end":{"line":140,"column":null}}],"line":140},"22":{"
[...]
olumn":null}}],"line":347}},"s":{"0":1,"1":0,"2":8,"3":8,"4":8,"5":8,"6":8,"7":8,"8":4,"9":4,"10":4,"11":8,"12":4,"13":0,"14":4,"15":4,"16":4,"17":3,"18":4,"19":0,"20":8,"21":7,"22":0,"23":7,"24":4,"25":7,"26":8,"27":7,"28":0,"29":7,"30":4,"31":7,"32":8,"33":7,"34":0,"35":7,"36":4,"37":0,"38":4,"39":8,"40":8,"41":0,"42":8,"43":7,"44":4,"45":2,"46":5,"47":1,"48":4,"49":1,"50":3,"51":0,"52":3,"53":0,"54":0,"55":0,"56":0,"57":0,"58":0,"59":0,"60":0,"61":3,"62":0,"63":3,"64":0,"65":3,"66":0,"67":3,"68":0,"69":3,"70":0,"71":3,"72":8,"73":0,"74":8,"75":0,"76":0,"77":0,"78":0,"79":0,"80":0,"81":0,"82":0,"83":0,"84":8,"85":0,"86":0,"87":0,"88":0,"89":0,"90":0,"91":0,"92":0,"93":0,"94":0,"95":0,"96":8,"97":0,"98":0,"99":0,"100":8,"101":0,"102":0,"103":0,"104":0,"105":0,"106":0,"107":0,"108":8,"109":0,"110":0,"111":0,"112":0,"113":0,"114":0,"115":0,"116":8,"117":0,"118":0,"119":0,"120":0,"121":0,"122":0,"123":0,"124":0,"125":0,"126":8,"127":0,"128":0,"129":0,"130":0,"131":0,"132":0,"133":0,"134":0,"135":0,"136":0,"137":0,"138":0,"139":0,"140":0,"141":0,"142":0,"143":0,"144":0,"145":0,"146":0,"147":0,"148":0,"149":0,"150":0,"151":0,"152":0,"153":0,"154":0,"155":0,"156":0,"157":0,"158":0,"159":0,"160":0,"161":0,"162":0,"163":0,"164":0,"165":0,"166":0,"167":0,"168":0,"169":0,"170":0,"171":0,"172":8},"f":{"0":0,"1":8,"2":4,"3":4,"4":4,"5":4,"6":4,"7":0,"8":7,"9":4,"10":7,"11":4,"12":7,"13":4,"14":8,"15":7,"16":0,"17":0,"18":0,"19":0,"20":0,"21":0,"22":0,"23":0,"24":0,"25":0,"26":0,"27":0,"28":0,"29":0,"30":0,"31":0,"32":0,"33":0},"b":{"0":[4,4,3,3],"1":[4,4,3],"2":[4,0],"3":[4,0],"4":[4,0],"5":[0,4],"6":[3,1],"7":[0,7],"8":[0,7],"9":[0,7],"10":[0,4],"11":[4,0],"12":[0,8],"13":[4,3],"14":[7,7,4],"15":[2,2],"16":[1,4],"17":[5,3],"18":[1,3],"19":[4,2],"20":[0,3],"21":[3,0],"22":[0,3],"23":[0,0],"24":[0,0,0,0],"25":[0,0],"26":[0,0],"27":[0,0],"28":[0,0],"29":[0,3],"30":[3,0],"31":[0,3],"32":[3,0],"33":[0,3],"34":[3,0],"35":[0,3],"36":[3,0],"37":[0,3],"38":[3,0],"39":[0,0],"40":[0,0,0],"41":[0,0],"42":[0,0,0],"43":[0,0],"44":[0,0],"45":[0,0],"46":[0,0],"47":[0,0],"48":[0,0],"49":[0,0],"50":[0,0],"51":[0,0],"52":[0,0],"53":[0,0,0,0],"54":[0,0,0,0],"55":[0,0],"56":[0,0],"57":[0,0],"58":[0,0],"59":[0,0,0]},"meta":{"lastBranch":60,"lastFunction":34,"lastStatement":173,"seen":{"s:5:6:6:Infinity":0,"f:5:6:5:25":0,"s:6:2:6:Infinity":1,"f:8:16:8:Infinity":1,"s:12:38:12:Infinity":2,"s:13:52:13:Infinity":3,"s:14:36:14:Infinity":4,"s:16:24:16:Infinity":5,"s:18:32:27:Infinity":6,"s:29:8:43:Infinity":7,"f:29:8:29:31":2,"s:31:6:31:Infinity":8,"b:31:6:31:29:31:29:31:52:31:52:31:76:31:76:31:Infinity":0,"s:33:6:33:Infinity":9,"b:33:6:33:35:33:35:33:65:33:65:33:Infinity":1,"s:35:4:42:Infinity":10,"b:37:27:37:46:37:46:37:47":2,"b:40:17:40:33:40:33:40:35":3,"b:41:19:41:37:41:37:41:39":4,"s:45:2:56:Infinity":11,"f:45:2:45:18":3,"b:46:4:46:Infinity:undefined:undefined:undefined:undefined":5,"s:46:4:46:Infinity":12,"s:46:16:46:Infinity":13,"s:48:4:55:Infinity":14,"f:49:7:49:13":4,"s:49:21:49:31":15,"f:50:7:50:13":5,"b:51:8:53:Infinity:undefined:undefined:undefined:undefined":6,"s:51:8:53:Infinity":16,"s:52:10:52:Infinity":17,"f:52:29:52:34":6,"s:52:43:52:95":18,"f:55:7:55:14":7,"s:55:22:55:72":19,"s:58:23:62:Infinity":20,"f:58:23:58:37":8,"b:59:4:59:Infinity:undefined:undefined:undefined:undefined":7,"s:59:4:59:Infinity":21,"s:59:36:59:Infinity":22,"s:60:18:60:Infinity":23,"f:60:29:60:34":9,"s:60:40:60:47":24,"s:61:4:61:Infinity":25,"s:64:27:68:Infinity":26,"f:64:27:64:41":10,"b:65:4:65:Infinity:undefined:undefined:undefined:undefined":8,"s:65:4:65:Infinity":27,"s:65:36:65:Infinity":28,"s:66:18:66:Infinity":29,"f:66:29:66:34":11,"s:66:40:66:51":30,"s:67:4:67:Infinity":31,"s:70:35:76:Infinity":32,"f:70:35:70:49":12,"b:71:4:71:Infinity:undefined:undefined:undefined:undefined":9,"s:71:4:71:Infinity":33,"s:71:36:71:Infinity":34,"s:72:4:75:Infinity":35,"f:72:22:72:30":13,"b:73:6:73:Infinity:undefined:undefined:undefined:undefined":10,"s:73:6:73:Infinity":36,"s:73:22:73:Infinity":37,"s:74:6:74:Infinity":38,"b:74:23:74:54:74:54:74:Infinity":11,"s:78:39:126:Infinity":39,"f:78:39:78:53":14,"b:79:4:79:Infinity:undefined:undefined:undefined:undefined":12,"s:79:4:79:Infinity":40,"s:79:36:79:Infinity":41,"s:81:4:125:Infinity":42,"f:81:22:81:30":15,"b:82:6:84:Infinity:undefined:undefined:undefined:undefined":13,"s:82:6:84:Infinity":43,"b:82:10:82:23:82:23:82:46:82:46:82:64":14,"b:83:8:83:Infinity:undefined:undefined:undefined:undefined":15,"s:83:8:83:Infinity":44,"s:83:45:83:Infinity":45,"b:86:6:86:Infinity:undefined:undefined:undefined:undefined":16,"s:86:6:86:Infinity":46,"b:86:10:86:32:86:32:86:61":17,"s:86:61:86:Infinity":47,"b:87:6:87:Infinity:undefined:undefined:undefined:undefined":18,"s:87:6:87:Infinity":48,"b:87:10:87:29:87:29:87:55":19,"s:87:55:87:Infinity":49,"b:88:6:88:Infinity:undefined:undefined:undefined:undefined":20,"s:88:6:88:Infinity":50,"b:88:10:88:38:88:38:88:63":21,"s:88:63:88:Infinity":51,"b:90:6:105:Infinity:undefined:undefined:undefined:undefined":22,"s:90:6:105:Infinity":52,"b:91:8:91:Infinity:undefined:undefined:undefined:undefined":23,"s:91:8:91:Infinity":53,"s:91:34:91:Infinity":54,"s:92:21:92:Infinity":55,"s:93:30:97:Infinity":56,"b:94:10:94:25:94:25:94:43:94:43:94:62:94:62:94:Infinity":24,"b:99:8:101:Infinity:undefined:undefined:undefined:undefined":25,"s:99:8:101:Infinity":57,"b:99:12:99:44:99:44:99:77":26,"s:100:10:100:Infinity":58,"b:102:8:104:Infinity:undefined:undefined:undefined:undefined":27,"s:102:8:104:Infinity":59,"b:102:12:102:48:102:48:102:80":28,"s:103:10:103:Infinity":60,"b:107:6:107:Infinity:undefined:undefined:undefined:undefined":29,"s:107:6:107:Infinity":61,"b:107:10:107:39:107:39:107:48":30,"s:107:48:107:Infinity":62,"b:108:6:108:Infinity:undefined:undefined:undefined:undefined":31,"s:108:6:108:Infinity":63,"b:108:10:108:43:108:43:108:51":32,"s:108:51:108:Infinity":64,"b:110:6:117:Infinity:undefined:undefined:undefined:undefined":33,"s:110:6:117:Infinity":65,"b:111:8:111:Infinity:112:8:114:Infinity":34,"s:116:8:116:Infinity":66,"b:119:6:119:Infinity:undefined:undefined:undefined:undefined":35,"s:119:6:119:Infinity":67,"b:119:10:119:39:119:39:119:66":36,"s:119:66:119:Infinity":68,"b:120:6:122:Infinity:undefined:undefined:undefined:undefined":37,"s:120:6:122:Infinity":69,"b:120:10:120:43:120:43:120:78":38,"s:121:8:121:Infinity":70,"s:124:6:124:Infinity":71,"s:128:8:139:Infinity":72,"f:128:8:128:45":16,"s:129:4:138:Infinity":73,"s:141:35:165:Infinity":74,"f:141:35:141:Infinity":17,"s:144:4:164:Infinity":75,"s:145:23:148:Infinity":76,"s:150:19:150:Infinity":77,"b:152:6:159:Infinity:undefined:undefined:undefined:undefined":39,"s:152:6:159:Infinity":78,"s:153:8:157:Infinity":79,"b:155:12:155:25:155:25:155:42:155:42:155:Infinity":40,"s:158:8:158:Infinity":80,"s:161:6:161:Infinity":81,"f:161:6:161:21":18,"s:161:30:161:93":82,"s:163:6:163:Infinity":83,"s:167:32:195:Infinity":84,"f:167:32:167:Infinity":19,"s:171:4:194:Infinity":85,"s:172:23:175:Infinity":86,"s:177:19:177:Infinity":87,"b:179:6:186:Infinity:undefined:undefined:undefined:undefined":41,"s:179:6:186:Infinity":88,"s:180:8:184:Infinity":89,"b:182:12:182:25:182:25:182:42:182:42:182:Infinity":42,"s:185:8:185:Infinity":90,"s:188:6:190:Infinity":91,"f:188:6:188:21":20,"s:189:8:189:Infinity":92,"f:189:13:189:18":21,"s:189:25:189:96":93,"b:189:39:189:94:189:94:189:96":43,"s:191:6:191:Infinity":94,"s:193:6:193:Infinity":95,"s:197:8:205:Infinity":96,"f:197:8:197:31":22,"s:198:4:198:Infinity":97,"b:199:4:204:Infinity:undefined:undefined:undefined:undefined":44,"s:199:4:204:Infinity":98,"s:200:6:203:Infinity":99,"s:207:33:219:Infinity":100,"f:207:33:207:40":23,"s:208:4:218:Infinity":101,"s:209:23:211:Infinity":102,"b:213:6:215:Infinity:undefined:undefined:undefined:undefined":45,"s:213:6:215:Infinity":103,"s:214:8:214:Infinity":104,"f:214:8:214:23":24,"s:214:32:214:63":105,"f:214:37:214:45":25,"s:214:51:214:62":106,"s:217:6:217:Infinity":107,"s:221:29:241:Infinity":108,"f:221:29:221:36":26,"s:222:4:240:Infinity":109,"s:223:23:229:Infinity":110,"b:231:6:237:Infinity:undefined:undefined:undefined:undefined":46,"s:231:6:237:Infinity":111,"s:232:8:236:Infinity":112,"f:232:8:232:23":27,"s:233:10:235:Infinity":113,"f:233:15:233:20":28,"s:234:12:234:Infinity":114,"b:234:36:234:62:234:62:234:Infinity":47,"s:239:6:239:Infinity":115,"s:243:32:261:Infinity":116,"f:243:32:243:39":29,"s:244:4:260:Infinity":117,"s:245:6:250:Infinity":118,"s:246:8:249:Infinity":119,"s:252:6:254:Infinity":120,"f:252:6:252:21":30,"s:253:8:253:Infinity":121,"f:253:13:253:18":31,"s:253:25:253:71":122,"b:253:46:253:69:253:69:253:71":48,"s:256:6:256:Infinity":123,"s:258:6:258:Infinity":124,"s:259:6:259:Infinity":125,"s:263:36:359:Infinity":126,"f:263:36:263:48":32,"b:264:4:269:Infinity:undefined:undefined:undefined:undefined":49,"s:264:4:269:Infinity":127,"s:265:6:267:Infinity":128,"s:268:6:268:Infinity":129,"s:271:37:271:Infinity":130,"s:272:23:272:Infinity":131,"s:273:25:273:Infinity":132,"s:274:25:274:Infinity":133,"s:276:35:305:Infinity":134,"f:276:46:276:54":33,"b:277:6:277:Infinity:undefined:undefined:undefined:undefined":50,"s:277:6:277:Infinity":135,"s:277:19:277:Infinity":136,"s:279:16:279:Infinity":137,"s:280:16:280:Infinity":138,"b:282:6:292:Infinity:286:13:292:Infinity":51,"s:282:6:292:Infinity":139,"s:283:23:283:Infinity":140,"s:284:8:284:Infinity":141,"s:285:8:285:Infinity":142,"b:286:13:292:Infinity:290:13:292:Infinity":52,"s:286:13:292:Infinity":143,"s:287:23:287:Infinity":144,"s:288:8:288:Infinity":145,"s:289:8:289:Infinity":146,"s:291:8:291:Infinity":147,"s:294:19:294:Infinity":148,"s:295:24:297:Infinity":149,"b:296:8:296:23:296:23:296:41:296:41:296:60:296:60:296:Infinity":53,"s:299:6:303:Infinity":150,"b:300:8:300:Infinity:301:8:301:Infinity:302:8:302:Infinity:303:8:303:Infinity":54,"b:307:4:315:Infinity:undefined:undefined:undefined:undefined":55,"s:307:4:315:Infinity":151,"s:308:6:313:Infinity":152,"s:314:6:314:Infinity":153,"s:317:22:317:Infinity":154,"s:318:23:318:Infinity":155,"b:320:4:325:Infinity:undefined:undefined:undefined:undefined":56,"s:320:4:325:Infinity":156,"s:325:6:325:Infinity":157,"s:327:4:358:Infinity":158,"s:328:6:353:Infinity":159,"s:329:21:329:Infinity":160,"b:330:8:331:Infinity:331:13:331:Infinity":57,"s:330:8:331:Infinity":161,"s:330:38:330:Infinity":162,"b:331:13:331:Infinity:undefined:undefined:undefined:undefined":58,"s:331:13:331:Infinity":163,"s:331:43:331:Infinity":164,"s:333:25:336:Infinity":165,"s:338:25:338:Infinity":166,"s:339:53:350:Infinity":167,"b:347:12:347:38:347:38:347:78:347:78:347:Infinity":59,"s:352:8:352:Infinity":168,"s:354:6:354:Infinity":169,"s:356:6:356:Infinity":170,"s:357:6:357:Infinity":171,"s:361:2:383:Infinity":172},"fnNames":{}}}
,"C:\\Users\\Meibo\\Documents\\Porjetos\\controle-financeiro\\src\\types\\finance.ts": {"path":"C:\\Users\\Meibo\\Documents\\Porjetos\\controle-financeiro\\src\\types\\finance.ts","statementMap":{"0":{"start":{"line":1,"column":35},"end":{"line":5,"column":null}},"1":{"start":{"line":7,"column":31},"end":{"line":10,"column":null}},"2":{"start":{"line":12,"column":37},"end":{"line":18,"column":null}},"3":{"start":{"line":20,"column":27},"end":{"line":32,"column":null}},"4":{"start":{"line":34,"column":38},"end":{"line":49,"column":null}},"5":{"start":{"line":51,"column":38},"end":{"line":58,"column":null}}},"fnMap":{},"branchMap":{},"s":{"0":3,"1":3,"2":3,"3":3,"4":3,"5":3},"f":{},"b":{},"meta":{"lastBranch":0,"lastFunction":0,"lastStatement":6,"seen":{"s:1:35:5:Infinity":0,"s:7:31:10:Infinity":1,"s:12:37:18:Infinity":2,"s:20:27:32:Infinity":3,"s:34:38:49:Infinity":4,"s:51:38:58:Infinity":5},"fnNames":{}}}
,"C:\\Users\\Meibo\\Documents\\Porjetos\\controle-financeiro\\src\\utils\\cartaoUtils.ts": {"path":"C:\\Users\\Meibo\\Documents\\Porjetos\\controle-financeiro\\src\\utils\\cartaoUtils.ts","statementMap":{"0":{"start":{"line":8,"column":26},"end":{"line":8,"column":null}},"1":{"start":{"line":10,"column":22},"end":{"line":10,"column":null}},"2":{"start":{"line":11,"column":22},"end":{"line":11,"column":null}},"3":{"start":{"line":14,"column":2},"end":{"line":16,"column":null}},"4":{"start":{"line":15,"column":4},"end":{"line":15,"column":null}},"5":{"start":{"line":19,"column":2},"end":{"line":21,"column":null}},"6":{"start":{"line":20,"column":4},"end":{"line":20,"column":null}},"7":{"start":{"line":23,"column":24},"end":{"line":23,"column":null}},"8":{"start":{"line":24,"column":19},"end":{"line":24,"column":null}},"9":{"start":{"line":25,"column":19},"end":{"line":25,"column":null}},"10":{"start":{"line":26,"column":19},"end":{"line":26,"column":null}},"11":{"start":{"line":28,"column":2},"end":{"line":28,"column":null}}},"fnMap":{"0":{"name":"calcularVencimentoFatura","decl":{"start":{"line":3,"column":16},"end":{"line":3,"column":null}},"loc":{"start":{"line":7,"column":10},"end":{"line":29,"column":null}},"line":7}},"branchMap":{"0":{"loc":{"start":{"line":6,"column":2},"end":{"line":6,"column":null}},"type":"default-arg","locations":[{"start":{"line":6,"column":24},"end":{"line":6,"column":null}}],"line":6},"1":{"loc":{"start":{"line":14,"column":2},"end":{"line":16,"column":null}},"type":"if","locations":[{"start":{"line":14,"column":2},"end":{"line":16,"column":null}},{"start":{},"end":{}}],"line":14},"2":{"loc":{"start":{"line":19,"column":2},"end":{"line":21,"column":null}},"type":"if","locations":[{"start":{"line":19,"column":2},"end":{"line":21,"column":null}},{"start":{},"end":{}}],"line":19}},"s":{"0":5,"1":5,"2":5,"3":5,"4":2,"5":5,"6":1,"7":5,"8":5,"9":5,"10":5,"11":5},"f":{"0":5},"b":{"0":[5],"1":[2,3],"2":[1,4]},"meta":{"lastBranch":3,"lastFunction":1,"lastStatement":12,"seen":{"f:3:16:3:Infinity":0,"b:6:24:6:Infinity":0,"s:8:26:8:Infinity":0,"s:10:22:10:Infinity":1,"s:11:22:11:Infinity":2,"b:14:2:16:Infinity:undefined:undefined:undefined:undefined":1,"s:14:2:16:Infinity":3,"s:15:4:15:Infinity":4,"b:19:2:21:Infinity:undefined:undefined:undefined:undefined":2,"s:19:2:21:Infinity":5,"s:20:4:20:Infinity":6,"s:23:24:23:Infinity":7,"s:24:19:24:Infinity":8,"s:25:19:25:Infinity":9,"s:26:19:26:Infinity":10,"s:28:2:28:Infinity":11},"fnNames":{}}}
,"C:\\Users\\Meibo\\Documents\\Porjetos\\controle-financeiro\\src\\utils\\formatters.ts": {"path":"C:\\Users\\Meibo\\Documents\\Porjetos\\controle-financeiro\\src\\utils\\formatters.ts","statementMap":{"0":{"start":{"line":3,"column":2},"end":{"line":6,"column":null}},"1":{"start":{"line":12,"column":2},"end":{"line":14,"column":null}},"2":{"start":{"line":13,"column":4},"end":{"line":13,"column":null}},"3":{"start":{"line":16,"column":2},"end":{"line":63,"column":null}},"4":{"start":{"line":19,"column":4},"end":{"line":52,"column":null}},"5":{"start":{"line":20,"column":6},"end":{"line":20,"column":null}},"6":{"start":{"line":21,"column":11},"end":{"line":52,"column":null}},"7":{"start":{"line":22,"column":22},"end":{"line":22,"column":null}},"8":{"start":{"line":25,"column":6},"end":{"line":49,"column":null}},"9":{"start":{"line":26,"column":8},"end":{"line":26,"column":null}},"10":{"start":{"line":27,"column":8},"end":{"line":29,"column":null}},"11":{"start":{"line":28,"column":10},"end":{"line":28,"column":null}},"12":{"start":{"line":32,"column":22},"end":{"line":32,"column":null}},"13":{"start":{"line":33,"column":22},"end":{"line":33,"column":null}},"14":{"start":{"line":35,"column":8},"end":{"line":37,"column":null}},"15":{"start":{"line":36,"column":10},"end":{"line":36,"column":null}},"16":{"start":{"line":39,"column":34},"end":{"line":39,"column":null}},"17":{"start":{"line":40,"column":23},"end":{"line":40,"column":null}},"18":{"start":{"line":41,"column":23},"end":{"line":41,"column":null}},"19":{"start":{"line":42,"column":23},"end":{"line":42,"column":null}},"20":{"start":{"line":44,"column":8},"end":{"line":46,"column":null}},"21":{"start":{"line":45,"column":10},"end":{"line":45,"column":null}},"22":{"start":{"line":48,"column":8},"end":{"line":48,"column":null}},"23":{"start":{"line":51,"column":6},"end":{"line":51,"column":null}},"24":{"start":{"line":55,"column":4},"end":{"line":59,"column":null}},"25":{"start":{"line":61,"column":4},"end":{"line":61,"column":null}},"26":{"start":{"line":62,"column":4},"end":{"line":62,"column":null}}},"fnMap":{"0":{"name":"formatarMoeda","decl":{"start":{"line":2,"column":16},"end":{"line":2,"column":30}},"loc":{"start":{"line":2,"column":53},"end":{"line":7,"column":null}},"line":2},"1":{"name":"formatarData","decl":{"start":{"line":11,"column":16},"end":{"line":11,"column":29}},"loc":{"start":{"line":11,"column":61},"end":{"line":64,"column":null}},"line":11}},"branchMap":{"0":{"loc":{"start":{"line":12,"column":2},"end":{"line":14,"column":null}},"type":"if","locations":[{"start":{"line":12,"column":2},"end":{"line":14,"column":null}},{"start":{},"end":{}}],"line":12},"1":{"loc":{"start":{"line":19,"column":4},"end":{"line":52,"column":null}},"type":"if","locations":[{"start":{"line":19,"column":4},"end":{"line":52,"column":null}},{"start":{"line":21,"column":11},"end":{"line":52,"column":null}}],"line":19},"2":{"loc":{"start":{"line":21,"column":11},"end":{"line":52,"column":null}},"type":"if","locations":[{"start":{"line":21,"column":11},"end":{"line":52,"column":null}},{"start":{"line":50,"column":11},"end":{"line":52,"column":null}}],"line":21},"3":{"loc":{"start":{"line":25,"column":6},"end":{"line":49,"column":null}},"type":"if","locations":[{"start":{"line":25,"column":6},"end":{"line":49,"column":null}},{"start":{"line":30,"column":13},"end":{"line":49,"column":null}}],"line":25},"4":{"loc":{"start":{"line":27,"column":8},"end":{"line":29,"column":null}},"type":"if","locations":[{"start":{"line":27,"column":8},"end":{"line":29,"column":null}},{"start":{},"end":{}}],"line":27},"5":{"loc":{"start":{"line":35,"column":8},"end":{"line":37,"column":null}},"type":"if","locations":[{"start":{"line":35,"column":8},"end":{"line":37,"column":null}},{"start":{},"end":{}}],"line":35},"6":{"loc":{"start":{"line":44,"column":8},"end":{"line":46,"column":null}},"type":"if","locations":[{"start":{"line":44,"column":8},"end":{"line":46,"column":null}},{"start":{},"end":{}}],"line":44},"7":{"loc":{"start":{"line":44,"column":12},"end":{"line":44,"column":68}},"type":"binary-expr","locations":[{"start":{"line":44,"column":12},"end":{"line":44,"column":26}},{"start":{"line":44,"column":26},"end":{"line":44,"column":41}},{"start":{"line":44,"column":41},"end":{"line":44,"column":55}},{"start":{"line":44,"column":55},"end":{"line":44,"column":68}}],"line":44}},"s":{"0":13,"1":6,"2":0,"3":6,"4":6,"5":0,"6":6,"7":6,"8":6,"9":0,"10":0,"11":0,"12":6,"13":6,"14":6,"15":0,"16":6,"17":6,"18":6,"19":6,"20":6,"21":0,"22":6,"23":0,"24":6,"25":0,"26":0},"f":{"0":13,"1":6},"b":{"0":[0,6],"1":[0,6],"2":[6,0],"3":[0,6],"4":[0,0],"5":[0,6],"6":[0,6],"7":[6,6,6,6]},"meta":{"lastBranch":8,"lastFunction":2,"lastStatement":27,"seen":{"f:2:16:2:30":0,"s:3:2:6:Infinity":0,"f:11:16:11:29":1,"b:12:2:14:Infinity:undefined:undefined:undefined:undefined":0,"s:12:2:14:Infinity":1,"s:13:4:13:Infinity":2,"s:16:2:63:Infinity":3,"b:19:4:52:Infinity:21:11:52:Infinity":1,"s:19:4:52:Infinity":4,"s:20:6:20:Infinity":5,"b:21:11:52:Infinity:50:11:52:Infinity":2,"s:21:11:52:Infinity":6,"s:22:22:22:Infinity":7,"b:25:6:49:Infinity:30:13:49:Infinity":3,"s:25:6:49:Infinity":8,"s:26:8:26:Infinity":9,"b:27:8:29:Infinity:undefined:undefined:undefined:undefined":4,"s:27:8:29:Infinity":10,"s:28:10:28:Infinity":11,"s:32:22:32:Infinity":12,"s:33:22:33:Infinity":13,"b:35:8:37:Infinity:undefined:undefined:undefined:undefined":5,"s:35:8:37:Infinity":14,"s:36:10:36:Infinity":15,"s:39:34:39:Infinity":16,"s:40:23:40:Infinity":17,"s:41:23:41:Infinity":18,"s:42:23:42:Infinity":19,"b:44:8:46:Infinity:undefined:undefined:undefined:undefined":6,"s:44:8:46:Infinity":20,"b:44:12:44:26:44:26:44:41:44:41:44:55:44:55:44:68":7,"s:45:10:45:Infinity":21,"s:48:8:48:Infinity":22,"s:51:6:51:Infinity":23,"s:55:4:59:Infinity":24,"s:61:4:61:Infinity":25,"s:62:4:62:Infinity":26},"fnNames":{}}}
}
